#
# A fatal error has been detected by the Java Runtime Environment:
#
#  Internal Error (jvmciRuntime.cpp:1609), pid=52, tid=71
#  fatal error: Fatal exception in JVMCI: Error calling jdk.vm.ci.services.Services.serializeSavedProperties
#
# JRE version: OpenJDK Runtime Environment GraalVM CE 22.3.0 (17.0.5+8) (build 17.0.5+8-jvmci-22.3-b08)
# Java VM: OpenJDK 64-Bit Server VM GraalVM CE 22.3.0 (17.0.5+8-jvmci-22.3-b08, mixed mode, sharing, tiered, jvmci, jvmci compiler, compressed oops, compressed class ptrs, parallel gc, linux-amd64)
# Problematic frame:
# V  [libjvm.so+0x972714]  JVMCIRuntime::fatal_exception(JVMCIEnv*, char const*)+0x74
#
# Core dump will be written. Default location: Core dumps may be processed with "/usr/share/apport/apport -p%p -s%s -c%c -d%d -P%P -u%u -g%g -- %E" (or dumping to /home/runner/61/core.52)
#
# If you would like to submit a bug report, please visit:
#   https://github.com/oracle/graal/issues
#

---------------  S U M M A R Y ------------

Command Line: -XX:ThreadPriorityPolicy=1 -XX:+UnlockExperimentalVMOptions -XX:+EnableJVMCIProduct -XX:JVMCIThreadsPerNativeLibraryRuntime=1 -XX:-UnlockExperimentalVMOptions -Declipse.application=org.eclipse.jdt.ls.core.id1 -Dosgi.bundles.defaultStartLevel=4 -Declipse.product=org.eclipse.jdt.ls.core.product -Dlog.level=ALL -Xverify:none -XX:+UseParallelGC -XX:GCTimeRatio=4 -XX:AdaptiveSizePolicyWeight=90 -Dsun.zip.disableMemoryMapping=true -Xmx512m -Xms100m /nix/store/m6gcpi1ii6rghy04cjwjddcavv7i90df-jdt-language-server-1.9.0/share/java/plugins/org.eclipse.equinox.launcher_1.6.400.v20210924-0641.jar --add-modules=ALL-SYSTEM --add-opens java.base/java.util=ALL-UNNAMED --add-opens java.base/java.lang=ALL-UNNAMED -configuration /home/runner/.cache/jdt-language-server/config -data /home/runner/.cache/jdt-language-server/data/home/runner/61

Host: AMD EPYC 7B12, 8 cores, 1G, Ubuntu 20.04.2 LTS
Time: Wed May 31 12:28:26 2023 UTC elapsed time: 969.251149 seconds (0d 0h 16m 9s)

---------------  T H R E A D  ---------------

Current thread (0x00007f7ed40b21e0):  JavaThread "JVMCI-native CompilerThread0" daemon [_thread_in_vm, id=71, stack(0x00007f7ed861a000,0x00007f7ed881a000)]


Current CompileTask:
JVMCI-native: 969251 7606       4       java.util.Spliterators$ArraySpliterator::estimateSize (11 bytes)

Stack: [0x00007f7ed861a000,0x00007f7ed881a000],  sp=0x00007f7ed8818380,  free space=2040k
Native frames: (J=compiled Java code, j=interpreted, Vv=VM code, C=native code)
V  [libjvm.so+0x972714]  JVMCIRuntime::fatal_exception(JVMCIEnv*, char const*)+0x74
V  [libjvm.so+0x93e2fe]  JVMCIEnv::copy_saved_properties()+0x14e
V  [libjvm.so+0x9732a9]  JVMCIRuntime::initialize(JVMCIEnv*)+0xb19
V  [libjvm.so+0x9738a2]  JVMCIRuntime::get_HotSpotJVMCIRuntime(JVMCIEnv*)+0x12
V  [libjvm.so+0x9749f2]  JVMCIRuntime::compile_method(JVMCIEnv*, JVMCICompiler*, methodHandle const&, int)+0xd2
V  [libjvm.so+0x5b0d20]  CompileBroker::invoke_compiler_on_method(CompileTask*)+0x1470
V  [libjvm.so+0x5b12e8]  CompileBroker::compiler_thread_loop()+0x528
V  [libjvm.so+0xd82460]  JavaThread::thread_main_inner()+0xd0
V  [libjvm.so+0xd85a40]  Thread::call_run()+0xc0
V  [libjvm.so+0xbdb1e1]  thread_native_entry(Thread*)+0xe1

Register to memory mapping:

RAX=0x00007f7edb766000 points into unknown readable memory: 0x0000000000000058 | 58 00 00 00 00 00 00 00
RBX=0x00007f7edc861398: <offset 0x0000000000ef5398> in /nix/store/gpxl5qgg8kicmcvivwmybwjlpf7wh20l-graalvm17-ce-22.3.0/lib/server/libjvm.so at 0x00007f7edb96c000
RCX=0x00007f7edc8191e8: <offset 0x0000000000ead1e8> in /nix/store/gpxl5qgg8kicmcvivwmybwjlpf7wh20l-graalvm17-ce-22.3.0/lib/server/libjvm.so at 0x00007f7edb96c000
RDX=0x0000000000000649 is an unknown value
RSP=0x00007f7ed8818380 is pointing into the stack for thread: 0x00007f7ed40b21e0
RBP=0x00007f7ed88183a0 is pointing into the stack for thread: 0x00007f7ed40b21e0
RSI=0x00007f7edc861c48: <offset 0x0000000000ef5c48> in /nix/store/gpxl5qgg8kicmcvivwmybwjlpf7wh20l-graalvm17-ce-22.3.0/lib/server/libjvm.so at 0x00007f7edb96c000
RDI=0x00000000e0000000 is an oop: [B 
{0x00000000e0000000} - klass: {type array byte}
 - length: 49
R8 =0x00007f7edc861398: <offset 0x0000000000ef5398> in /nix/store/gpxl5qgg8kicmcvivwmybwjlpf7wh20l-graalvm17-ce-22.3.0/lib/server/libjvm.so at 0x00007f7edb96c000
R9 =0x00007f7ed8818330 is pointing into the stack for thread: 0x00007f7ed40b21e0
R10=0x00007f7ed8819948 is pointing into the stack for thread: 0x00007f7ed40b21e0
R11=0x0000000000000293 is an unknown value
R12=0x0 is NULL
R13=0x00007f7ed40b21e0 is a thread
R14=0x00007f7ed4000b80 points into unknown readable memory: 0x00007f7edca92a38 | 38 2a a9 dc 7e 7f 00 00
R15=0x00007f7edcba0e40: <offset 0x0000000001234e40> in /nix/store/gpxl5qgg8kicmcvivwmybwjlpf7wh20l-graalvm17-ce-22.3.0/lib/server/libjvm.so at 0x00007f7edb96c000


Registers:
RAX=0x00007f7edb766000, RBX=0x00007f7edc861398, RCX=0x00007f7edc8191e8, RDX=0x0000000000000649
RSP=0x00007f7ed8818380, RBP=0x00007f7ed88183a0, RSI=0x00007f7edc861c48, RDI=0x00000000e0000000
R8 =0x00007f7edc861398, R9 =0x00007f7ed8818330, R10=0x00007f7ed8819948, R11=0x0000000000000293
R12=0x0000000000000000, R13=0x00007f7ed40b21e0, R14=0x00007f7ed4000b80, R15=0x00007f7edcba0e40
RIP=0x00007f7edc2de714, EFLAGS=0x0000000000010206, CSGSFS=0x002b000000000033, ERR=0x0000000000000006
  TRAPNO=0x000000000000000e

Top of Stack: (sp=0x00007f7ed8818380)
0x00007f7ed8818380:   00007f7ed8818940 00007f7ed40b21e0
0x00007f7ed8818390:   00007f7eda0f9708 0000000800c42058
0x00007f7ed88183a0:   00007f7ed8818500 00007f7edc2aa2fe
0x00007f7ed88183b0:   00007f7ed88183e0 00007f7ed8818440 

Instructions: (pc=0x00007f7edc2de714)
0x00007f7edc2de614:   30 e8 f6 cf e8 ff 4c 89 e7 e8 2e 48 d1 ff 84 db
0x00007f7edc2de624:   75 2a 4d 85 ed 74 04 4d 8b 6d 00 48 83 c4 08 44
0x00007f7edc2de634:   89 f9 4c 89 f2 4c 89 ee 5b 4c 89 e7 41 5c 41 5d
0x00007f7edc2de644:   41 5e 41 5f 5d e9 e2 47 d1 ff 66 90 48 83 c4 08
0x00007f7edc2de654:   5b 41 5c 41 5d 41 5e 41 5f 5d c3 90 31 d2 be 08
0x00007f7edc2de664:   00 00 00 4c 89 ff e8 b1 78 a3 ff 49 89 c5 e9 37
0x00007f7edc2de674:   ff ff ff 66 0f 1f 84 00 00 00 00 00 48 8b 7a 08
0x00007f7edc2de684:   e9 6d ff ff ff 0f 1f 80 00 00 00 00 e8 5b 48 0a
0x00007f7edc2de694:   00 84 c0 75 89 e9 6a ff ff ff 66 90 55 48 89 e5
0x00007f7edc2de6a4:   41 56 41 55 41 54 49 89 fc 53 48 89 f3 66 48 8d
0x00007f7edc2de6b4:   3d 27 5e 85 00 66 66 48 e8 df 43 8d ff 4c 8b 28
0x00007f7edc2de6c4:   8b 05 be 72 8a 00 85 c0 75 14 ba 01 00 00 00 48
0x00007f7edc2de6d4:   8d 0d ae 72 8a 00 f0 0f b1 11 85 c0 74 4e be c8
0x00007f7edc2de6e4:   00 00 00 4c 89 ef e8 01 0b 41 00 48 8d 05 12 ac
0x00007f7edc2de6f4:   85 00 49 89 d8 48 8d 0d e8 aa 53 00 ba 49 06 00
0x00007f7edc2de704:   00 48 8d 35 3c 35 58 00 bf 00 00 00 e0 48 8b 00
0x00007f7edc2de714:   c6 00 58 31 c0 e8 e2 91 c6 ff 5b 41 5c 41 5d 41
0x00007f7edc2de724:   5e 5d e9 55 34 26 00 0f 1f 44 00 00 48 8d 05 81
0x00007f7edc2de734:   a3 8b 00 48 89 df 4c 8b 30 e8 9e 43 8d ff 48 89
0x00007f7edc2de744:   de 48 89 c2 49 8b 06 4c 89 f7 ff 50 08 4c 89 f7
0x00007f7edc2de754:   e8 a7 5c 27 00 4d 85 e4 74 12 be 01 00 00 00 4c
0x00007f7edc2de764:   89 e7 e8 35 43 fc ff eb 82 0f 1f 00 be 01 00 00
0x00007f7edc2de774:   00 4c 89 ef e8 d3 fd ff ff e9 6d ff ff ff 66 66
0x00007f7edc2de784:   2e 0f 1f 84 00 00 00 00 00 0f 1f 00 55 48 89 e5
0x00007f7edc2de794:   41 57 41 56 41 55 41 54 53 48 81 ec 08 02 00 00
0x00007f7edc2de7a4:   64 48 8b 04 25 28 00 00 00 48 89 45 c8 8b 07 83
0x00007f7edc2de7b4:   f8 02 0f 84 11 04 00 00 4c 8b 6f 18 49 89 ff 49
0x00007f7edc2de7c4:   89 f4 4d 85 ed 74 14 4c 89 ef e8 5d 57 22 00 41
0x00007f7edc2de7d4:   8b 07 83 f8 02 0f 84 19 04 00 00 48 8d 1d 9a 06
0x00007f7edc2de7e4:   8a 00 4c 8d 35 0b 3c 58 00 eb 38 90 48 85 d2 7f
0x00007f7edc2de7f4:   0d 48 8d 05 b4 c0 85 00 48 83 38 00 7e 0e 41 8b
0x00007f7edc2de804:   77 2c 4c 89 f7 31 c0 e8 a0 b2 f7 ff 49 8b 7f 18 


Stack slot to memory mapping:
stack at sp + 0 slots: 0x00007f7ed8818940 is pointing into the stack for thread: 0x00007f7ed40b21e0
stack at sp + 1 slots: 0x00007f7ed40b21e0 is a thread
stack at sp + 2 slots: 0x00007f7eda0f9708 points into unknown readable memory: 0x657300186dc3ffff | ff ff c3 6d 18 00 73 65
stack at sp + 3 slots: 0x0000000800c42058 is a pointer to class: 
jdk.vm.ci.services.Services {0x0000000800c42058}
 - instance size:     2
 - klass size:        65
 - access:            public final synchronized 
 - state:             fully_initialized
 - name:              'jdk/vm/ci/services/Services'
 - super:             'java/lang/Object'
 - sub:               
 - arrays:            NULL
 - methods:           Array<T>(0x00007f7ed904e470)
 - method ordering:   Array<T>(0x0000000800928960)
 - default_methods:   Array<T>(0x0000000000000000)
 - local interfaces:  Array<T>(0x00000008005ce810)
 - trans. interfaces: Array<T>(0x00000008005ce810)
 - constants:         constant pool [427] {0x00007f7ed904c8c0} for 'jdk/vm/ci/services/Services' cache=0x00007f7ed9050740
 - class loader data:  loader data: 0x00007f7ed40283d0 of 'bootstrap'
 - source file:       'Services.java'
 - class annotations:       Array<T>(0x0000000000000000)
 - class type annotations:  Array<T>(0x0000000000000000)
 - field annotations:       Array<T>(0x0000000000000000)
 - field type annotations:  Array<T>(0x0000000000000000)
 - inner classes:     Array<T>(0x00007f7ed904f788)
 - nest members:     Array<T>(0x00007f7ed904f7a8)
 - permitted subclasses:     Array<T>(0x00000008005ce7a0)
 - java mirror:       a 'java/lang/Class'{0x00000000e017a7f0} = 'jdk/vm/ci/services/Services'
 - vtable length      5  (start addr: 0x0000000800c42228)
 - itable length      2 (start addr: 0x0000000800c42250)
 - ---- static fields (3 words):
 - public static final 'IS_BUILDING_NATIVE_IMAGE' 'Z' @128 
 - public static final 'IS_IN_NATIVE_IMAGE' 'Z' @129 
 - private static volatile 'savedProperties' 'Ljava/util/Map;' @112 
 - static final 'JVMCI_ENABLED' 'Z' @130 
 - private static final 'servicesCache' 'Ljava/util/Map;' @116 
 - private static final 'MAX_UNICODE_IN_UTF8_LENGTH' 'I' @120 
 - private static final 'MAX_UTF8_PROPERTY_STRING_LENGTH' 'I' @124 
 - ---- non-static fields (0 words):
 - non-static oop maps: 
stack at sp + 4 slots: 0x00007f7ed8818500 is pointing into the stack for thread: 0x00007f7ed40b21e0
stack at sp + 5 slots: 0x00007f7edc2aa2fe: <offset 0x000000000093e2fe> in /nix/store/gpxl5qgg8kicmcvivwmybwjlpf7wh20l-graalvm17-ce-22.3.0/lib/server/libjvm.so at 0x00007f7edb96c000
stack at sp + 6 slots: 0x00007f7ed88183e0 is pointing into the stack for thread: 0x00007f7ed40b21e0
stack at sp + 7 slots: 0x00007f7ed8818440 is pointing into the stack for thread: 0x00007f7ed40b21e0


---------------  P R O C E S S  ---------------

Threads class SMR info:
_java_thread_list=0x00007f7e20103d70, length=29, elements={
0x00007f7ed4026670, 0x00007f7ed40a64b0, 0x00007f7ed40a78f0, 0x00007f7ed40ae050,
0x00007f7ed40af400, 0x00007f7ed40b07f0, 0x00007f7ed40b21e0, 0x00007f7ed40b36f0,
0x00007f7ed40b4750, 0x00007f7ed40df4c0, 0x00007f7ed41271f0, 0x00007f7ed433a5d0,
0x00007f7ed436d6b0, 0x00007f7ed436ff30, 0x00007f7ed4634f50, 0x00007f7e6c0170c0,
0x00007f7e6c2d9830, 0x00007f7e6c33d120, 0x00007f7e6c4bcf10, 0x00007f7e6c63fc40,
0x00007f7ed4398530, 0x00007f7ed4446b90, 0x00007f7e380aa890, 0x00007f7e44199fd0,
0x00007f7e4414ba30, 0x00007f7e5c007280, 0x00007f7e441a02f0, 0x00007f7e441553f0,
0x00007f7e4414c530
}

Java Threads: ( => current thread )
  0x00007f7ed4026670 JavaThread "main" [_thread_blocked, id=63, stack(0x00007f7edb787000,0x00007f7edb887000)]
  0x00007f7ed40a64b0 JavaThread "Reference Handler" daemon [_thread_blocked, id=66, stack(0x00007f7ed8f00000,0x00007f7ed9000000)]
  0x00007f7ed40a78f0 JavaThread "Finalizer" daemon [_thread_blocked, id=67, stack(0x00007f7ed8e00000,0x00007f7ed8f00000)]
  0x00007f7ed40ae050 JavaThread "Signal Dispatcher" daemon [_thread_blocked, id=68, stack(0x00007f7ed8a1a000,0x00007f7ed8b1a000)]
  0x00007f7ed40af400 JavaThread "Service Thread" daemon [_thread_blocked, id=69, stack(0x00007f7ed891a000,0x00007f7ed8a1a000)]
  0x00007f7ed40b07f0 JavaThread "Monitor Deflation Thread" daemon [_thread_blocked, id=70, stack(0x00007f7ed881a000,0x00007f7ed891a000)]
=>0x00007f7ed40b21e0 JavaThread "JVMCI-native CompilerThread0" daemon [_thread_in_vm, id=71, stack(0x00007f7ed861a000,0x00007f7ed881a000)]
  0x00007f7ed40b36f0 JavaThread "C1 CompilerThread0" daemon [_thread_blocked, id=72, stack(0x00007f7ed841a000,0x00007f7ed861a000)]
  0x00007f7ed40b4750 JavaThread "Sweeper thread" daemon [_thread_blocked, id=73, stack(0x00007f7ed831a000,0x00007f7ed841a000)]
  0x00007f7ed40df4c0 JavaThread "Common-Cleaner" daemon [_thread_blocked, id=74, stack(0x00007f7ed821a000,0x00007f7ed831a000)]
  0x00007f7ed41271f0 JavaThread "Notification Thread" daemon [_thread_blocked, id=77, stack(0x00007f7ed811a000,0x00007f7ed821a000)]
  0x00007f7ed433a5d0 JavaThread "Active Thread: Equinox Container: eb15847c-abac-44dd-bc88-b257eea1087f" [_thread_blocked, id=90, stack(0x00007f7ebb3b3000,0x00007f7ebb4b3000)]
  0x00007f7ed436d6b0 JavaThread "Framework Event Dispatcher: Equinox Container: eb15847c-abac-44dd-bc88-b257eea1087f" daemon [_thread_blocked, id=91, stack(0x00007f7eb8f00000,0x00007f7eb9000000)]
  0x00007f7ed436ff30 JavaThread "Start Level: Equinox Container: eb15847c-abac-44dd-bc88-b257eea1087f" daemon [_thread_blocked, id=92, stack(0x00007f7eb8d00000,0x00007f7eb8e00000)]
  0x00007f7ed4634f50 JavaThread "Refresh Thread: Equinox Container: eb15847c-abac-44dd-bc88-b257eea1087f" daemon [_thread_blocked, id=93, stack(0x00007f7eb8b00000,0x00007f7eb8c00000)]
  0x00007f7e6c0170c0 JavaThread "SCR Component Actor" daemon [_thread_blocked, id=102, stack(0x00007f7eb8900000,0x00007f7eb8a00000)]
  0x00007f7e6c2d9830 JavaThread "Worker-JM" [_thread_blocked, id=104, stack(0x00007f7eb8500000,0x00007f7eb8600000)]
  0x00007f7e6c33d120 JavaThread "Worker-0" [_thread_blocked, id=105, stack(0x00007f7eb8300000,0x00007f7eb8400000)]
  0x00007f7e6c4bcf10 JavaThread "Java indexing" daemon [_thread_blocked, id=113, stack(0x00007f7e82d00000,0x00007f7e82e00000)]
  0x00007f7e6c63fc40 JavaThread "Bundle File Closer" daemon [_thread_blocked, id=116, stack(0x00007f7e82b00000,0x00007f7e82c00000)]
  0x00007f7ed4398530 JavaThread "pool-3-thread-1" [_thread_blocked, id=117, stack(0x00007f7e82900000,0x00007f7e82a00000)]
  0x00007f7ed4446b90 JavaThread "pool-2-thread-1" [_thread_blocked, id=126, stack(0x00007f7e82500000,0x00007f7e82600000)]
  0x00007f7e380aa890 JavaThread "Worker-5: Compacting resource model" [_thread_blocked, id=170, stack(0x00007f7eb8700000,0x00007f7eb8800000)]
  0x00007f7e44199fd0 JavaThread "Thread-5" [_thread_blocked, id=605, stack(0x00007f7e82300000,0x00007f7e82400000)]
  0x00007f7e4414ba30 JavaThread "Thread-6" [_thread_blocked, id=606, stack(0x00007f7e82100000,0x00007f7e82200000)]
  0x00007f7e5c007280 JavaThread "Worker-6: Publish Diagnostics" [_thread_blocked, id=631, stack(0x00007f7e82700000,0x00007f7e82800000)]
  0x00007f7e441a02f0 JavaThread "Thread-7" [_thread_blocked, id=632, stack(0x00007f7eb8100000,0x00007f7eb8200000)]
  0x00007f7e441553f0 JavaThread "Thread-8" [_thread_blocked, id=1102, stack(0x00007f7e81d00000,0x00007f7e81e00000)]
  0x00007f7e4414c530 JavaThread "Thread-10" [_thread_blocked, id=1799, stack(0x00007f7e81b00000,0x00007f7e81c00000)]

Other Threads:
  0x00007f7ed40a1bf0 VMThread "VM Thread" [stack: 0x00007f7ed98a0000,0x00007f7ed99a0000] [id=65] _threads_hazard_ptr=0x00007f7e20103d70
  0x00007f7ed4128b90 WatcherThread [stack: 0x00007f7ed801a000,0x00007f7ed811a000] [id=78]
  0x00007f7ed403df10 GCTaskThread "GC Thread#0" [stack: 0x00007f7edb34a000,0x00007f7edb44a000] [id=64]

Threads with active compile tasks:
JVMCI-native CompilerThread0   969320 7606       4       java.util.Spliterators$ArraySpliterator::estimateSize (11 bytes)

VM state: synchronizing (normal execution)

VM Mutex/Monitor currently owned by a thread:  ([mutex/lock_event])
[0x00007f7ed4023820] Threads_lock - owner thread: 0x00007f7ed40a1bf0
[0x00007f7ed4023fd0] Heap_lock - owner thread: 0x00007f7e44199fd0

OutOfMemory and StackOverflow Exception counts:
OutOfMemoryError java_heap_errors=8
LinkageErrors=53

Heap address: 0x00000000e0000000, size: 512 MB, Compressed Oops mode: 32-bit

CDS archive(s) mapped at: [0x0000000800000000-0x0000000800bc8000-0x0000000800bc8000), size 12353536, SharedBaseAddress: 0x0000000800000000, ArchiveRelocationMode: 0.
Compressed class space mapped at: 0x0000000800c00000-0x0000000840c00000, reserved size: 1073741824
Narrow klass base: 0x0000000800000000, Narrow klass shift: 0, Narrow klass range: 0x100000000

GC Precious Log:
 CPUs: 8 total, 1 available
 Memory: 1024M
 Large Page Support: Disabled
 NUMA Support: Disabled
 Compressed Oops: Enabled (32-bit)
 Alignments: Space 512K, Generation 512K, Heap 2M
 Heap Min Capacity: 100M
 Heap Initial Capacity: 100M
 Heap Max Capacity: 512M
 Pre-touch: Disabled
 Parallel Workers: 1

Heap:
 PSYoungGen      total 44544K, used 31743K [0x00000000f5580000, 0x00000000f9300000, 0x0000000100000000)
  eden space 31744K, 99% used [0x00000000f5580000,0x00000000f747fff0,0x00000000f7480000)
  from space 12800K, 0% used [0x00000000f8300000,0x00000000f8300000,0x00000000f8f80000)
  to   space 14848K, 0% used [0x00000000f7480000,0x00000000f7480000,0x00000000f8300000)
 ParOldGen       total 349696K, used 349695K [0x00000000e0000000, 0x00000000f5580000, 0x00000000f5580000)
  object space 349696K, 99% used [0x00000000e0000000,0x00000000f557ffc0,0x00000000f5580000)
 Metaspace       used 53946K, committed 54720K, reserved 1105920K
  class space    used 5454K, committed 5760K, reserved 1048576K

Card table byte_map: [0x00007f7edb44a000,0x00007f7edb54b000] _byte_map_base: 0x00007f7edad4a000

Marking Bits: (ParMarkBitMap*) 0x00007f7edcb9a4c0
 Begin Bits: [0x00007f7eda29d000, 0x00007f7edaa9d000)
 End Bits:   [0x00007f7edaa9d000, 0x00007f7edb29d000)

Polling page: 0x00007f7edb764000

Metaspace:

Usage:
  Non-class:     47.36 MB used.
      Class:      5.33 MB used.
       Both:     52.68 MB used.

Virtual space:
  Non-class space:       56.00 MB reserved,      47.81 MB ( 85%) committed,  7 nodes.
      Class space:        1.00 GB reserved,       5.62 MB ( <1%) committed,  1 nodes.
             Both:        1.05 GB reserved,      53.44 MB (  5%) committed. 

Chunk freelists:
   Non-Class:  3.75 MB
       Class:  2.35 MB
        Both:  6.10 MB

MaxMetaspaceSize: unlimited
CompressedClassSpaceSize: 1.00 GB
Initial GC threshold: 21.00 MB
Current GC threshold: 89.00 MB
CDS: on
MetaspaceReclaimPolicy: balanced
 - commit_granule_bytes: 65536.
 - commit_granule_words: 8192.
 - virtual_space_node_default_size: 1048576.
 - enlarge_chunks_in_place: 1.
 - new_chunks_are_fully_committed: 0.
 - uncommit_free_chunks: 1.
 - use_allocation_guard: 0.
 - handle_deallocations: 1.


Internal statistics:

num_allocs_failed_limit: 6.
num_arena_births: 370.
num_arena_deaths: 68.
num_vsnodes_births: 8.
num_vsnodes_deaths: 0.
num_space_committed: 854.
num_space_uncommitted: 0.
num_chunks_returned_to_freelist: 92.
num_chunks_taken_from_freelist: 2431.
num_chunk_merges: 33.
num_chunk_splits: 1588.
num_chunks_enlarged: 1009.
num_purges: 6.
num_inconsistent_stats: 0.

CodeHeap 'non-profiled nmethods': size=120036Kb used=2308Kb max_used=2308Kb free=117728Kb
 bounds [0x00007f7ec2f7a000, 0x00007f7ec31ea000, 0x00007f7eca4b3000]
CodeHeap 'profiled nmethods': size=120032Kb used=11965Kb max_used=13940Kb free=108066Kb
 bounds [0x00007f7ebba42000, 0x00007f7ebc7e2000, 0x00007f7ec2f7a000]
CodeHeap 'non-nmethods': size=5692Kb used=1386Kb max_used=1393Kb free=4305Kb
 bounds [0x00007f7ebb4b3000, 0x00007f7ebb723000, 0x00007f7ebba42000]
 total_blobs=6246 nmethods=5523 adapters=615
 compilation: enabled
              stopped_count=0, restarted_count=0
 full_count=0

JVMCI Events (20 events):
Event: 627.840 Thread 0x00007f7ed40b21e0 compacted oop handles in JVMCI runtime 0 from 62 to 62
Event: 627.840 Thread 0x00007f7ed40b21e0 releasing handles for JVMCI runtime 0: oop handles=62, metadata handles={total=124, live=115, blocks=36}
Event: 627.840 Thread 0x00007f7ed40b21e0 detached from JVMCI runtime 0
Event: 696.557 Thread 0x00007f7ed40b21e0 attached to JVMCI runtime 0
Event: 696.559 Thread 0x00007f7ed40b21e0 created JavaVM[6]@0x00007f7e8159e340 for JVMCI runtime 0
Event: 697.728 Thread 0x00007f7ed40b21e0 initializing JVMCI runtime 0
Event: 697.728 Thread 0x00007f7ed40b21e0 done waiting for JavaVM references initialization in JVMCI runtime 0
Event: 721.217 Thread 0x00007f7ed40b21e0 initialized JVMCI runtime 0
Event: 738.040 Thread 0x00007f7ed40b21e0 compacted oop handles in JVMCI runtime 0 from 69 to 68
Event: 739.410 Thread 0x00007f7ed40b21e0 detaching from JVMCI runtime 0: releasing idle compiler thread (0 other threads still attached)
Event: 739.410 Thread 0x00007f7ed40b21e0 shutting down HotSpotJVMCIRuntime for JVMCI runtime 0
Event: 739.410 Thread 0x00007f7ed40b21e0 shut down JVMCI runtime 0
Event: 740.985 Thread 0x00007f7ed40b21e0 destroyed JavaVM[6]@0x00007f7e8159e340 for JVMCI runtime 0
Event: 740.985 Thread 0x00007f7ed40b21e0 compacted oop handles in JVMCI runtime 0 from 68 to 68
Event: 740.985 Thread 0x00007f7ed40b21e0 releasing handles for JVMCI runtime 0: oop handles=68, metadata handles={total=128, live=121, blocks=36}
Event: 740.985 Thread 0x00007f7ed40b21e0 detached from JVMCI runtime 0
Event: 915.035 Thread 0x00007f7ed40b21e0 attached to JVMCI runtime 0
Event: 915.036 Thread 0x00007f7ed40b21e0 created JavaVM[7]@0x00007f7e8159e340 for JVMCI runtime 0
Event: 916.654 Thread 0x00007f7ed40b21e0 initializing JVMCI runtime 0
Event: 916.654 Thread 0x00007f7ed40b21e0 done waiting for JavaVM references initialization in JVMCI runtime 0

Compilation events (20 events):
Event: 773.320 Thread 0x00007f7ed40b36f0 nmethod 7593 0x00007f7ebc425810 code [0x00007f7ebc4259c0, 0x00007f7ebc425b40]
Event: 773.320 Thread 0x00007f7ed40b36f0 7594       3       org.eclipse.jdt.internal.compiler.lookup.LookupEnvironment::getModule (114 bytes)
Event: 774.539 Thread 0x00007f7ed40b36f0 nmethod 7594 0x00007f7ebbb63290 code [0x00007f7ebbb634e0, 0x00007f7ebbb64090]
Event: 792.663 Thread 0x00007f7ed40b36f0 7597       3       java.util.stream.Nodes$FixedNodeBuilder::<init> (29 bytes)
Event: 792.663 Thread 0x00007f7ed40b36f0 nmethod 7597 0x00007f7ebc3a5c10 code [0x00007f7ebc3a5dc0, 0x00007f7ebc3a5f00]
Event: 792.701 Thread 0x00007f7ed40b36f0 7598       3       java.util.stream.Nodes$ArrayNode::<init> (43 bytes)
Event: 793.899 Thread 0x00007f7ed40b36f0 nmethod 7598 0x00007f7ebc4d2c10 code [0x00007f7ebc4d2de0, 0x00007f7ebc4d34f0]
Event: 797.519 Thread 0x00007f7ed40b36f0 7599       3       java.util.stream.Nodes$FixedNodeBuilder::begin (52 bytes)
Event: 806.103 Thread 0x00007f7ed40b36f0 nmethod 7599 0x00007f7ebbb1f290 code [0x00007f7ebbb1f540, 0x00007f7ebbb207e0]
Event: 806.104 Thread 0x00007f7ed40b36f0 7600       3       java.util.stream.Nodes$FixedNodeBuilder::end (51 bytes)
Event: 809.619 Thread 0x00007f7ed40b36f0 nmethod 7600 0x00007f7ebc485010 code [0x00007f7ebc4852e0, 0x00007f7ebc4867d0]
Event: 809.620 Thread 0x00007f7ed40b36f0 7601       3       java.util.stream.Nodes$FixedNodeBuilder::build (52 bytes)
Event: 809.620 Thread 0x00007f7ed40b36f0 nmethod 7601 0x00007f7ebc75ba10 code [0x00007f7ebc75bce0, 0x00007f7ebc75d1d0]
Event: 860.005 Thread 0x00007f7ed40b36f0 7602       3       java.util.concurrent.ThreadPoolExecutor::isShutdown (12 bytes)
Event: 860.006 Thread 0x00007f7ed40b36f0 nmethod 7602 0x00007f7ebbd76610 code [0x00007f7ebbd767c0, 0x00007f7ebbd769b0]
Event: 899.153 Thread 0x00007f7ed40b36f0 7604       3       java.lang.invoke.VarHandleReferences$FieldInstanceReadWrite::compareAndSet (48 bytes)
Event: 899.154 Thread 0x00007f7ed40b36f0 nmethod 7604 0x00007f7ebc236110 code [0x00007f7ebc236380, 0x00007f7ebc236f00]
Event: 905.593 Thread 0x00007f7ed40b36f0 7605       3       java.util.Locale::hashCode (41 bytes)
Event: 905.593 Thread 0x00007f7ed40b36f0 nmethod 7605 0x00007f7ebbd7ef90 code [0x00007f7ebbd7f140, 0x00007f7ebbd7f350]
Event: 915.035 Thread 0x00007f7ed40b21e0 7606       4       java.util.Spliterators$ArraySpliterator::estimateSize (11 bytes)

GC Heap History (20 events):
Event: 957.232 GC heap before
{Heap before GC invocations=785 (full 683):
 PSYoungGen      total 44544K, used 31743K [0x00000000f5580000, 0x00000000f9300000, 0x0000000100000000)
  eden space 31744K, 99% used [0x00000000f5580000,0x00000000f747fff8,0x00000000f7480000)
  from space 12800K, 0% used [0x00000000f8300000,0x00000000f8300000,0x00000000f8f80000)
  to   space 14848K, 0% used [0x00000000f7480000,0x00000000f7480000,0x00000000f8300000)
 ParOldGen       total 349696K, used 349696K [0x00000000e0000000, 0x00000000f5580000, 0x00000000f5580000)
  object space 349696K, 100% used [0x00000000e0000000,0x00000000f5580000,0x00000000f5580000)
 Metaspace       used 53946K, committed 54720K, reserved 1105920K
  class space    used 5454K, committed 5760K, reserved 1048576K
}
Event: 958.399 GC heap after
{Heap after GC invocations=785 (full 683):
 PSYoungGen      total 46592K, used 31743K [0x00000000f5580000, 0x00000000f9300000, 0x0000000100000000)
  eden space 31744K, 99% used [0x00000000f5580000,0x00000000f747fff8,0x00000000f7480000)
  from space 14848K, 0% used [0x00000000f7480000,0x00000000f7480000,0x00000000f8300000)
  to   space 12800K, 0% used [0x00000000f8300000,0x00000000f8300000,0x00000000f8f80000)
 ParOldGen       total 349696K, used 349695K [0x00000000e0000000, 0x00000000f5580000, 0x00000000f5580000)
  object space 349696K, 99% used [0x00000000e0000000,0x00000000f557ff30,0x00000000f5580000)
 Metaspace       used 53946K, committed 54720K, reserved 1105920K
  class space    used 5454K, committed 5760K, reserved 1048576K
}
Event: 958.400 GC heap before
{Heap before GC invocations=786 (full 684):
 PSYoungGen      total 46592K, used 31743K [0x00000000f5580000, 0x00000000f9300000, 0x0000000100000000)
  eden space 31744K, 99% used [0x00000000f5580000,0x00000000f747fff8,0x00000000f7480000)
  from space 14848K, 0% used [0x00000000f7480000,0x00000000f7480000,0x00000000f8300000)
  to   space 12800K, 0% used [0x00000000f8300000,0x00000000f8300000,0x00000000f8f80000)
 ParOldGen       total 349696K, used 349695K [0x00000000e0000000, 0x00000000f5580000, 0x00000000f5580000)
  object space 349696K, 99% used [0x00000000e0000000,0x00000000f557ff88,0x00000000f5580000)
 Metaspace       used 53946K, committed 54720K, reserved 1105920K
  class space    used 5454K, committed 5760K, reserved 1048576K
}
Event: 959.611 GC heap after
{Heap after GC invocations=786 (full 684):
 PSYoungGen      total 44544K, used 31743K [0x00000000f5580000, 0x00000000f9300000, 0x0000000100000000)
  eden space 31744K, 99% used [0x00000000f5580000,0x00000000f747fff8,0x00000000f7480000)
  from space 12800K, 0% used [0x00000000f8300000,0x00000000f8300000,0x00000000f8f80000)
  to   space 14848K, 0% used [0x00000000f7480000,0x00000000f7480000,0x00000000f8300000)
 ParOldGen       total 349696K, used 349695K [0x00000000e0000000, 0x00000000f5580000, 0x00000000f5580000)
  object space 349696K, 99% used [0x00000000e0000000,0x00000000f557ff50,0x00000000f5580000)
 Metaspace       used 53946K, committed 54720K, reserved 1105920K
  class space    used 5454K, committed 5760K, reserved 1048576K
}
Event: 959.612 GC heap before
{Heap before GC invocations=787 (full 685):
 PSYoungGen      total 44544K, used 31743K [0x00000000f5580000, 0x00000000f9300000, 0x0000000100000000)
  eden space 31744K, 99% used [0x00000000f5580000,0x00000000f747fff8,0x00000000f7480000)
  from space 12800K, 0% used [0x00000000f8300000,0x00000000f8300000,0x00000000f8f80000)
  to   space 14848K, 0% used [0x00000000f7480000,0x00000000f7480000,0x00000000f8300000)
 ParOldGen       total 349696K, used 349695K [0x00000000e0000000, 0x00000000f5580000, 0x00000000f5580000)
  object space 349696K, 99% used [0x00000000e0000000,0x00000000f557fff0,0x00000000f5580000)
 Metaspace       used 53946K, committed 54720K, reserved 1105920K
  class space    used 5454K, committed 5760K, reserved 1048576K
}
Event: 960.745 GC heap after
{Heap after GC invocations=787 (full 685):
 PSYoungGen      total 46592K, used 31743K [0x00000000f5580000, 0x00000000f9300000, 0x0000000100000000)
  eden space 31744K, 99% used [0x00000000f5580000,0x00000000f747fff8,0x00000000f7480000)
  from space 14848K, 0% used [0x00000000f7480000,0x00000000f7480000,0x00000000f8300000)
  to   space 12800K, 0% used [0x00000000f8300000,0x00000000f8300000,0x00000000f8f80000)
 ParOldGen       total 349696K, used 349695K [0x00000000e0000000, 0x00000000f5580000, 0x00000000f5580000)
  object space 349696K, 99% used [0x00000000e0000000,0x00000000f557ff20,0x00000000f5580000)
 Metaspace       used 53946K, committed 54720K, reserved 1105920K
  class space    used 5454K, committed 5760K, reserved 1048576K
}
Event: 960.745 GC heap before
{Heap before GC invocations=788 (full 686):
 PSYoungGen      total 46592K, used 31743K [0x00000000f5580000, 0x00000000f9300000, 0x0000000100000000)
  eden space 31744K, 99% used [0x00000000f5580000,0x00000000f747fff8,0x00000000f7480000)
  from space 14848K, 0% used [0x00000000f7480000,0x00000000f7480000,0x00000000f8300000)
  to   space 12800K, 0% used [0x00000000f8300000,0x00000000f8300000,0x00000000f8f80000)
 ParOldGen       total 349696K, used 349695K [0x00000000e0000000, 0x00000000f5580000, 0x00000000f5580000)
  object space 349696K, 99% used [0x00000000e0000000,0x00000000f557ffe8,0x00000000f5580000)
 Metaspace       used 53946K, committed 54720K, reserved 1105920K
  class space    used 5454K, committed 5760K, reserved 1048576K
}
Event: 962.016 GC heap after
{Heap after GC invocations=788 (full 686):
 PSYoungGen      total 44544K, used 31743K [0x00000000f5580000, 0x00000000f9300000, 0x0000000100000000)
  eden space 31744K, 99% used [0x00000000f5580000,0x00000000f747fff8,0x00000000f7480000)
  from space 12800K, 0% used [0x00000000f8300000,0x00000000f8300000,0x00000000f8f80000)
  to   space 14848K, 0% used [0x00000000f7480000,0x00000000f7480000,0x00000000f8300000)
 ParOldGen       total 349696K, used 349695K [0x00000000e0000000, 0x00000000f5580000, 0x00000000f5580000)
  object space 349696K, 99% used [0x00000000e0000000,0x00000000f557ffe8,0x00000000f5580000)
 Metaspace       used 53946K, committed 54720K, reserved 1105920K
  class space    used 5454K, committed 5760K, reserved 1048576K
}
Event: 962.016 GC heap before
{Heap before GC invocations=789 (full 687):
 PSYoungGen      total 44544K, used 31743K [0x00000000f5580000, 0x00000000f9300000, 0x0000000100000000)
  eden space 31744K, 99% used [0x00000000f5580000,0x00000000f747fff8,0x00000000f7480000)
  from space 12800K, 0% used [0x00000000f8300000,0x00000000f8300000,0x00000000f8f80000)
  to   space 14848K, 0% used [0x00000000f7480000,0x00000000f7480000,0x00000000f8300000)
 ParOldGen       total 349696K, used 349695K [0x00000000e0000000, 0x00000000f5580000, 0x00000000f5580000)
  object space 349696K, 99% used [0x00000000e0000000,0x00000000f557ffe8,0x00000000f5580000)
 Metaspace       used 53946K, committed 54720K, reserved 1105920K
  class space    used 5454K, committed 5760K, reserved 1048576K
}
Event: 963.133 GC heap after
{Heap after GC invocations=789 (full 687):
 PSYoungGen      total 46592K, used 31743K [0x00000000f5580000, 0x00000000f9300000, 0x0000000100000000)
  eden space 31744K, 99% used [0x00000000f5580000,0x00000000f747fff8,0x00000000f7480000)
  from space 14848K, 0% used [0x00000000f7480000,0x00000000f7480000,0x00000000f8300000)
  to   space 12800K, 0% used [0x00000000f8300000,0x00000000f8300000,0x00000000f8f80000)
 ParOldGen       total 349696K, used 349695K [0x00000000e0000000, 0x00000000f5580000, 0x00000000f5580000)
  object space 349696K, 99% used [0x00000000e0000000,0x00000000f557ffe8,0x00000000f5580000)
 Metaspace       used 53946K, committed 54720K, reserved 1105920K
  class space    used 5454K, committed 5760K, reserved 1048576K
}
Event: 963.133 GC heap before
{Heap before GC invocations=790 (full 688):
 PSYoungGen      total 46592K, used 31743K [0x00000000f5580000, 0x00000000f9300000, 0x0000000100000000)
  eden space 31744K, 99% used [0x00000000f5580000,0x00000000f747fff8,0x00000000f7480000)
  from space 14848K, 0% used [0x00000000f7480000,0x00000000f7480000,0x00000000f8300000)
  to   space 12800K, 0% used [0x00000000f8300000,0x00000000f8300000,0x00000000f8f80000)
 ParOldGen       total 349696K, used 349695K [0x00000000e0000000, 0x00000000f5580000, 0x00000000f5580000)
  object space 349696K, 99% used [0x00000000e0000000,0x00000000f557ffe8,0x00000000f5580000)
 Metaspace       used 53946K, committed 54720K, reserved 1105920K
  class space    used 5454K, committed 5760K, reserved 1048576K
}
Event: 964.416 GC heap after
{Heap after GC invocations=790 (full 688):
 PSYoungGen      total 44544K, used 31743K [0x00000000f5580000, 0x00000000f9300000, 0x0000000100000000)
  eden space 31744K, 99% used [0x00000000f5580000,0x00000000f747fff8,0x00000000f7480000)
  from space 12800K, 0% used [0x00000000f8300000,0x00000000f8300000,0x00000000f8f80000)
  to   space 14848K, 0% used [0x00000000f7480000,0x00000000f7480000,0x00000000f8300000)
 ParOldGen       total 349696K, used 349695K [0x00000000e0000000, 0x00000000f5580000, 0x00000000f5580000)
  object space 349696K, 99% used [0x00000000e0000000,0x00000000f557ffe8,0x00000000f5580000)
 Metaspace       used 53946K, committed 54720K, reserved 1105920K
  class space    used 5454K, committed 5760K, reserved 1048576K
}
Event: 964.416 GC heap before
{Heap before GC invocations=791 (full 689):
 PSYoungGen      total 44544K, used 31743K [0x00000000f5580000, 0x00000000f9300000, 0x0000000100000000)
  eden space 31744K, 99% used [0x00000000f5580000,0x00000000f747fff8,0x00000000f7480000)
  from space 12800K, 0% used [0x00000000f8300000,0x00000000f8300000,0x00000000f8f80000)
  to   space 14848K, 0% used [0x00000000f7480000,0x00000000f7480000,0x00000000f8300000)
 ParOldGen       total 349696K, used 349695K [0x00000000e0000000, 0x00000000f5580000, 0x00000000f5580000)
  object space 349696K, 99% used [0x00000000e0000000,0x00000000f557ffe8,0x00000000f5580000)
 Metaspace       used 53946K, committed 54720K, reserved 1105920K
  class space    used 5454K, committed 5760K, reserved 1048576K
}
Event: 965.612 GC heap after
{Heap after GC invocations=791 (full 689):
 PSYoungGen      total 46592K, used 31743K [0x00000000f5580000, 0x00000000f9300000, 0x0000000100000000)
  eden space 31744K, 99% used [0x00000000f5580000,0x00000000f747fff8,0x00000000f7480000)
  from space 14848K, 0% used [0x00000000f7480000,0x00000000f7480000,0x00000000f8300000)
  to   space 12800K, 0% used [0x00000000f8300000,0x00000000f8300000,0x00000000f8f80000)
 ParOldGen       total 349696K, used 349695K [0x00000000e0000000, 0x00000000f5580000, 0x00000000f5580000)
  object space 349696K, 99% used [0x00000000e0000000,0x00000000f557ffe8,0x00000000f5580000)
 Metaspace       used 53946K, committed 54720K, reserved 1105920K
  class space    used 5454K, committed 5760K, reserved 1048576K
}
Event: 965.613 GC heap before
{Heap before GC invocations=792 (full 690):
 PSYoungGen      total 46592K, used 31743K [0x00000000f5580000, 0x00000000f9300000, 0x0000000100000000)
  eden space 31744K, 99% used [0x00000000f5580000,0x00000000f747fff8,0x00000000f7480000)
  from space 14848K, 0% used [0x00000000f7480000,0x00000000f7480000,0x00000000f8300000)
  to   space 12800K, 0% used [0x00000000f8300000,0x00000000f8300000,0x00000000f8f80000)
 ParOldGen       total 349696K, used 349695K [0x00000000e0000000, 0x00000000f5580000, 0x00000000f5580000)
  object space 349696K, 99% used [0x00000000e0000000,0x00000000f557fff8,0x00000000f5580000)
 Metaspace       used 53946K, committed 54720K, reserved 1105920K
  class space    used 5454K, committed 5760K, reserved 1048576K
}
Event: 966.843 GC heap after
{Heap after GC invocations=792 (full 690):
 PSYoungGen      total 44544K, used 31743K [0x00000000f5580000, 0x00000000f9300000, 0x0000000100000000)
  eden space 31744K, 99% used [0x00000000f5580000,0x00000000f747fff8,0x00000000f7480000)
  from space 12800K, 0% used [0x00000000f8300000,0x00000000f8300000,0x00000000f8f80000)
  to   space 14848K, 0% used [0x00000000f7480000,0x00000000f7480000,0x00000000f8300000)
 ParOldGen       total 349696K, used 349695K [0x00000000e0000000, 0x00000000f5580000, 0x00000000f5580000)
  object space 349696K, 99% used [0x00000000e0000000,0x00000000f557ff38,0x00000000f5580000)
 Metaspace       used 53946K, committed 54720K, reserved 1105920K
  class space    used 5454K, committed 5760K, reserved 1048576K
}
Event: 966.844 GC heap before
{Heap before GC invocations=793 (full 691):
 PSYoungGen      total 44544K, used 31743K [0x00000000f5580000, 0x00000000f9300000, 0x0000000100000000)
  eden space 31744K, 99% used [0x00000000f5580000,0x00000000f747fff8,0x00000000f7480000)
  from space 12800K, 0% used [0x00000000f8300000,0x00000000f8300000,0x00000000f8f80000)
  to   space 14848K, 0% used [0x00000000f7480000,0x00000000f7480000,0x00000000f8300000)
 ParOldGen       total 349696K, used 349695K [0x00000000e0000000, 0x00000000f5580000, 0x00000000f5580000)
  object space 349696K, 99% used [0x00000000e0000000,0x00000000f557ff60,0x00000000f5580000)
 Metaspace       used 53946K, committed 54720K, reserved 1105920K
  class space    used 5454K, committed 5760K, reserved 1048576K
}
Event: 968.000 GC heap after
{Heap after GC invocations=793 (full 691):
 PSYoungGen      total 46592K, used 31743K [0x00000000f5580000, 0x00000000f9300000, 0x0000000100000000)
  eden space 31744K, 99% used [0x00000000f5580000,0x00000000f747ffb0,0x00000000f7480000)
  from space 14848K, 0% used [0x00000000f7480000,0x00000000f7480000,0x00000000f8300000)
  to   space 12800K, 0% used [0x00000000f8300000,0x00000000f8300000,0x00000000f8f80000)
 ParOldGen       total 349696K, used 349695K [0x00000000e0000000, 0x00000000f5580000, 0x00000000f5580000)
  object space 349696K, 99% used [0x00000000e0000000,0x00000000f557fdf0,0x00000000f5580000)
 Metaspace       used 53946K, committed 54720K, reserved 1105920K
  class space    used 5454K, committed 5760K, reserved 1048576K
}
Event: 968.000 GC heap before
{Heap before GC invocations=794 (full 692):
 PSYoungGen      total 46592K, used 31743K [0x00000000f5580000, 0x00000000f9300000, 0x0000000100000000)
  eden space 31744K, 99% used [0x00000000f5580000,0x00000000f747ffb0,0x00000000f7480000)
  from space 14848K, 0% used [0x00000000f7480000,0x00000000f7480000,0x00000000f8300000)
  to   space 12800K, 0% used [0x00000000f8300000,0x00000000f8300000,0x00000000f8f80000)
 ParOldGen       total 349696K, used 349695K [0x00000000e0000000, 0x00000000f5580000, 0x00000000f5580000)
  object space 349696K, 99% used [0x00000000e0000000,0x00000000f557fdf0,0x00000000f5580000)
 Metaspace       used 53946K, committed 54720K, reserved 1105920K
  class space    used 5454K, committed 5760K, reserved 1048576K
}
Event: 969.234 GC heap after
{Heap after GC invocations=794 (full 692):
 PSYoungGen      total 44544K, used 31743K [0x00000000f5580000, 0x00000000f9300000, 0x0000000100000000)
  eden space 31744K, 99% used [0x00000000f5580000,0x00000000f747ff88,0x00000000f7480000)
  from space 12800K, 0% used [0x00000000f8300000,0x00000000f8300000,0x00000000f8f80000)
  to   space 14848K, 0% used [0x00000000f7480000,0x00000000f7480000,0x00000000f8300000)
 ParOldGen       total 349696K, used 349695K [0x00000000e0000000, 0x00000000f5580000, 0x00000000f5580000)
  object space 349696K, 99% used [0x00000000e0000000,0x00000000f557fdf0,0x00000000f5580000)
 Metaspace       used 53946K, committed 54720K, reserved 1105920K
  class space    used 5454K, committed 5760K, reserved 1048576K
}

Dll operation events (9 events):
Event: 0.002 Loaded shared library /nix/store/gpxl5qgg8kicmcvivwmybwjlpf7wh20l-graalvm17-ce-22.3.0/lib/libjava.so
Event: 0.010 Loaded shared library /nix/store/gpxl5qgg8kicmcvivwmybwjlpf7wh20l-graalvm17-ce-22.3.0/lib/libjsvml.so
Event: 0.213 Loaded shared library /nix/store/gpxl5qgg8kicmcvivwmybwjlpf7wh20l-graalvm17-ce-22.3.0/lib/libnio.so
Event: 0.217 Loaded shared library /nix/store/gpxl5qgg8kicmcvivwmybwjlpf7wh20l-graalvm17-ce-22.3.0/lib/libzip.so
Event: 0.220 Loaded shared library /nix/store/gpxl5qgg8kicmcvivwmybwjlpf7wh20l-graalvm17-ce-22.3.0/lib/libjvmcicompiler.so
Event: 0.618 Loaded shared library /nix/store/gpxl5qgg8kicmcvivwmybwjlpf7wh20l-graalvm17-ce-22.3.0/lib/libjimage.so
Event: 1.208 Loaded shared library /nix/store/gpxl5qgg8kicmcvivwmybwjlpf7wh20l-graalvm17-ce-22.3.0/lib/libnet.so
Event: 4.320 Loaded shared library /home/runner/.cache/jdt-language-server/config/org.eclipse.equinox.launcher/org.eclipse.equinox.launcher.gtk.linux.x86_64_1.2.400.v20211117-0650/eclipse_11600.so
Event: 12.448 Loaded shared library /nix/store/gpxl5qgg8kicmcvivwmybwjlpf7wh20l-graalvm17-ce-22.3.0/lib/libextnet.so

Deoptimization events (20 events):
Event: 891.069 Thread 0x00007f7e6c4bcf10 Uncommon trap: trap_request=0xffffff8f fr.pc=0x00007f7ec318f8b8 relative=0x0000000000001078
Event: 891.069 Thread 0x00007f7e6c4bcf10 Uncommon trap: reason=constraint action=none pc=0x00007f7ec318f8b8 method=org.eclipse.jdt.internal.core.index.DiskIndex.copyQueryResults(Lorg/eclipse/jdt/internal/compiler/util/HashtableOfObject;I)V @ 123 jvmci
Event: 891.069 Thread 0x00007f7e6c4bcf10 DEOPT PACKING pc=0x00007f7ec318f8b8 sp=0x00007f7e82dfe550
Event: 891.069 Thread 0x00007f7e6c4bcf10 DEOPT UNPACKING pc=0x00007f7ebb505325 sp=0x00007f7e82dfda28 mode 3
Event: 938.624 Thread 0x00007f7e44199fd0 Uncommon trap: trap_request=0xffffff8f fr.pc=0x00007f7ec30d8203 relative=0x00000000000006c3
Event: 938.624 Thread 0x00007f7e44199fd0 Uncommon trap: reason=constraint action=none pc=0x00007f7ec30d8203 method=org.eclipse.jdt.core.compiler.CharOperation.splitOn(C[C)[[C @ 47 jvmci
Event: 938.624 Thread 0x00007f7e44199fd0 DEOPT PACKING pc=0x00007f7ec30d8203 sp=0x00007f7e823fd9f0
Event: 938.624 Thread 0x00007f7e44199fd0 DEOPT UNPACKING pc=0x00007f7ebb505325 sp=0x00007f7e823fce78 mode 3
Event: 945.329 Thread 0x00007f7e44199fd0 Uncommon trap: trap_request=0xffffff8f fr.pc=0x00007f7ec311f3b8 relative=0x0000000000000518
Event: 945.329 Thread 0x00007f7e44199fd0 Uncommon trap: reason=constraint action=none pc=0x00007f7ec311f3b8 method=org.eclipse.jdt.core.compiler.CharOperation.concatWith([[CC)[C @ 59 jvmci
Event: 945.329 Thread 0x00007f7e44199fd0 DEOPT PACKING pc=0x00007f7ec311f3b8 sp=0x00007f7e823fd8e0
Event: 945.329 Thread 0x00007f7e44199fd0 DEOPT UNPACKING pc=0x00007f7ebb505325 sp=0x00007f7e823fcd88 mode 3
Event: 954.749 Thread 0x00007f7ed40b21e0 Uncommon trap: trap_request=0xffffff8f fr.pc=0x00007f7ec304169b relative=0x000000000000017b
Event: 954.749 Thread 0x00007f7ed40b21e0 Uncommon trap: reason=constraint action=none pc=0x00007f7ec304169b method=java.io.ByteArrayOutputStream.<init>(I)V @ 0 jvmci
Event: 954.749 Thread 0x00007f7ed40b21e0 DEOPT PACKING pc=0x00007f7ec304169b sp=0x00007f7ed8818020
Event: 954.749 Thread 0x00007f7ed40b21e0 DEOPT UNPACKING pc=0x00007f7ebb505325 sp=0x00007f7ed88174c8 mode 3
Event: 963.133 Thread 0x00007f7e4414ba30 Uncommon trap: trap_request=0xffffff8f fr.pc=0x00007f7ec31460ad relative=0x000000000000038d
Event: 963.133 Thread 0x00007f7e4414ba30 Uncommon trap: reason=constraint action=none pc=0x00007f7ec31460ad method=java.lang.String.<init>([C)V @ 0 jvmci
Event: 963.133 Thread 0x00007f7e4414ba30 DEOPT PACKING pc=0x00007f7ec31460ad sp=0x00007f7e821fcfc0
Event: 963.133 Thread 0x00007f7e4414ba30 DEOPT UNPACKING pc=0x00007f7ebb505325 sp=0x00007f7e821fc468 mode 3

Classes unloaded (20 events):
Event: 148.101 Thread 0x00007f7ed40a1bf0 Unloading class 0x0000000800d05000 'java/lang/invoke/LambdaForm$MH+0x0000000800d05000'
Event: 148.101 Thread 0x00007f7ed40a1bf0 Unloading class 0x0000000800d04c00 'java/lang/invoke/LambdaForm$MH+0x0000000800d04c00'
Event: 148.101 Thread 0x00007f7ed40a1bf0 Unloading class 0x0000000800d04800 'java/lang/invoke/LambdaForm$MH+0x0000000800d04800'
Event: 150.547 Thread 0x00007f7ed40a1bf0 Unloading class 0x000000080118c400 'jdk/internal/reflect/GeneratedConstructorAccessor29'
Event: 150.547 Thread 0x00007f7ed40a1bf0 Unloading class 0x0000000801095400 'jdk/internal/reflect/GeneratedSerializationConstructorAccessor4'
Event: 150.547 Thread 0x00007f7ed40a1bf0 Unloading class 0x0000000801095000 'jdk/internal/reflect/GeneratedSerializationConstructorAccessor3'
Event: 150.547 Thread 0x00007f7ed40a1bf0 Unloading class 0x0000000801094c00 'jdk/internal/reflect/GeneratedSerializationConstructorAccessor2'
Event: 150.547 Thread 0x00007f7ed40a1bf0 Unloading class 0x0000000801094400 'jdk/internal/reflect/GeneratedSerializationConstructorAccessor1'
Event: 150.547 Thread 0x00007f7ed40a1bf0 Unloading class 0x0000000801065400 'java/lang/invoke/LambdaForm$MH+0x0000000801065400'
Event: 150.547 Thread 0x00007f7ed40a1bf0 Unloading class 0x0000000801065000 'java/lang/invoke/LambdaForm$MH+0x0000000801065000'
Event: 150.547 Thread 0x00007f7ed40a1bf0 Unloading class 0x0000000801064c00 'java/lang/invoke/LambdaForm$MH+0x0000000801064c00'
Event: 150.547 Thread 0x00007f7ed40a1bf0 Unloading class 0x0000000801064800 'java/lang/invoke/LambdaForm$MH+0x0000000801064800'
Event: 150.547 Thread 0x00007f7ed40a1bf0 Unloading class 0x0000000801064400 'java/lang/invoke/LambdaForm$MH+0x0000000801064400'
Event: 150.547 Thread 0x00007f7ed40a1bf0 Unloading class 0x0000000801064000 'java/lang/invoke/LambdaForm$MH+0x0000000801064000'
Event: 150.547 Thread 0x00007f7ed40a1bf0 Unloading class 0x0000000800eed000 'jdk/internal/reflect/GeneratedConstructorAccessor12'
Event: 150.547 Thread 0x00007f7ed40a1bf0 Unloading class 0x0000000800eec800 'jdk/internal/reflect/GeneratedConstructorAccessor10'
Event: 150.547 Thread 0x00007f7ed40a1bf0 Unloading class 0x0000000800eec400 'jdk/internal/reflect/GeneratedConstructorAccessor9'
Event: 150.547 Thread 0x00007f7ed40a1bf0 Unloading class 0x0000000800eec000 'jdk/internal/reflect/GeneratedConstructorAccessor8'
Event: 150.547 Thread 0x00007f7ed40a1bf0 Unloading class 0x0000000800d98400 'java/lang/invoke/LambdaForm$MH+0x0000000800d98400'
Event: 150.547 Thread 0x00007f7ed40a1bf0 Unloading class 0x0000000800d04000 'java/lang/invoke/LambdaForm$MH+0x0000000800d04000'

Classes redefined (0 events):
No events

Internal exceptions (20 events):
Event: 32.406 Thread 0x00007f7e38000ff0 Exception <a 'java/lang/NoSuchMethodError'{0x00000000f55ab5b8}: 'java.lang.Object java.lang.invoke.Invokers$Holder.linkToTargetMethod(java.lang.Object, java.lang.Object, long, java.lang.Object)'> (0x00000000f55ab5b8) 
thrown [src/hotspot/share/interpreter/linkResolver.cpp, line 758]
Event: 32.502 Thread 0x00007f7e5c007280 Exception <a 'java/lang/NoSuchMethodError'{0x00000000f5717700}: 'java.lang.Object java.lang.invoke.DirectMethodHandle$Holder.newInvokeSpecial(java.lang.Object, java.lang.Object, java.lang.Object, int, java.lang.Object)'> (0x00000000f5717700) 
thrown [src/hotspot/share/interpreter/linkResolver.cpp, line 758]
Event: 32.502 Thread 0x00007f7e5c007280 Exception <a 'java/lang/NoSuchMethodError'{0x00000000f571ce38}: 'java.lang.Object java.lang.invoke.DirectMethodHandle$Holder.invokeSpecial(java.lang.Object, java.lang.Object, java.lang.Object, java.lang.Object, int, java.lang.Object)'> (0x00000000f571ce38) 
thrown [src/hotspot/share/interpreter/linkResolver.cpp, line 758]
Event: 32.502 Thread 0x00007f7e5c007280 Exception <a 'java/lang/NoSuchMethodError'{0x00000000f57214c0}: 'java.lang.Object java.lang.invoke.Invokers$Holder.linkToTargetMethod(java.lang.Object, java.lang.Object, int, java.lang.Object, java.lang.Object)'> (0x00000000f57214c0) 
thrown [src/hotspot/share/interpreter/linkResolver.cpp, line 758]
Event: 34.914 Thread 0x00007f7e44197fa0 Exception <a 'java/lang/NoSuchMethodError'{0x00000000f5860838}: 'int java.lang.invoke.DirectMethodHandle$Holder.invokeSpecialIFC(java.lang.Object, java.lang.Object, java.lang.Object, java.lang.Object)'> (0x00000000f5860838) 
thrown [src/hotspot/share/interpreter/linkResolver.cpp, line 758]
Event: 47.922 Thread 0x00007f7e6c4bcf10 Implicit null exception at 0x00007f7ec313ddcd to 0x00007f7ec313e450
Event: 158.301 Thread 0x00007f7e4414ba30 Implicit null exception at 0x00007f7ec3032257 to 0x00007f7ec30323a3
Event: 891.069 Thread 0x00007f7e6c4bcf10 Exception <a 'java/lang/OutOfMemoryError'{0x00000000e0010620}> (0x00000000e0010620) 
thrown [src/hotspot/share/gc/shared/memAllocator.cpp, line 138]
Event: 891.069 Thread 0x00007f7e6c4bcf10 Implicit null exception at 0x00007f7ec318f32e to 0x00007f7ec318f89d
Event: 938.624 Thread 0x00007f7e44199fd0 Exception <a 'java/lang/OutOfMemoryError'{0x00000000e0010080}> (0x00000000e0010080) 
thrown [src/hotspot/share/gc/shared/memAllocator.cpp, line 138]
Event: 938.624 Thread 0x00007f7e44199fd0 Implicit null exception at 0x00007f7ec30d8031 to 0x00007f7ec30d81e8
Event: 945.329 Thread 0x00007f7e44199fd0 Exception <a 'java/lang/OutOfMemoryError'{0x00000000e000fae0}> (0x00000000e000fae0) 
thrown [src/hotspot/share/gc/shared/memAllocator.cpp, line 138]
Event: 945.329 Thread 0x00007f7e44199fd0 Implicit null exception at 0x00007f7ec311f196 to 0x00007f7ec311f39d
Event: 947.951 Thread 0x00007f7e44199fd0 Exception <a 'java/lang/OutOfMemoryError'{0x00000000e000fe00}> (0x00000000e000fe00) 
thrown [src/hotspot/share/gc/shared/memAllocator.cpp, line 136]
Event: 954.749 Thread 0x00007f7ed40b21e0 Exception <a 'java/lang/OutOfMemoryError'{0x00000000e000fae0}> (0x00000000e000fae0) 
thrown [src/hotspot/share/gc/shared/memAllocator.cpp, line 138]
Event: 954.749 Thread 0x00007f7ed40b21e0 Implicit null exception at 0x00007f7ec3041651 to 0x00007f7ec3041680
Event: 963.133 Thread 0x00007f7e4414ba30 Exception <a 'java/lang/OutOfMemoryError'{0x00000000e000fae0}> (0x00000000e000fae0) 
thrown [src/hotspot/share/gc/shared/memAllocator.cpp, line 138]
Event: 963.133 Thread 0x00007f7e4414ba30 Implicit null exception at 0x00007f7ec3145f4d to 0x00007f7ec3146092
Event: 965.612 Thread 0x00007f7ed4446b90 Exception <a 'java/lang/OutOfMemoryError'{0x00000000e000fe00}> (0x00000000e000fe00) 
thrown [src/hotspot/share/gc/shared/memAllocator.cpp, line 136]
Event: 969.235 Thread 0x00007f7ed40b21e0 Exception <a 'java/lang/OutOfMemoryError'{0x00000000e000fe00}> (0x00000000e000fe00) 
thrown [src/hotspot/share/gc/shared/memAllocator.cpp, line 136]

VM Operations (20 events):
Event: 952.008 Executing VM operation: ParallelGCFailedAllocation
Event: 954.749 Executing VM operation: ParallelGCFailedAllocation done
Event: 954.749 Executing VM operation: ParallelGCFailedAllocation
Event: 955.947 Executing VM operation: ParallelGCFailedAllocation done
Event: 955.947 Executing VM operation: ParallelGCFailedAllocation
Event: 957.232 Executing VM operation: ParallelGCFailedAllocation done
Event: 957.232 Executing VM operation: ParallelGCFailedAllocation
Event: 958.399 Executing VM operation: ParallelGCFailedAllocation done
Event: 958.399 Executing VM operation: ParallelGCFailedAllocation
Event: 959.611 Executing VM operation: ParallelGCFailedAllocation done
Event: 959.611 Executing VM operation: ParallelGCFailedAllocation
Event: 960.745 Executing VM operation: ParallelGCFailedAllocation done
Event: 960.745 Executing VM operation: ParallelGCFailedAllocation
Event: 963.133 Executing VM operation: ParallelGCFailedAllocation done
Event: 963.133 Executing VM operation: ParallelGCFailedAllocation
Event: 965.612 Executing VM operation: ParallelGCFailedAllocation done
Event: 965.612 Executing VM operation: ParallelGCFailedAllocation
Event: 966.843 Executing VM operation: ParallelGCFailedAllocation done
Event: 966.844 Executing VM operation: ParallelGCFailedAllocation
Event: 969.235 Executing VM operation: ParallelGCFailedAllocation done

Events (20 events):
Event: 153.904 Thread 0x00007f7e44199fd0 Thread exited: 0x00007f7e44199fd0
Event: 153.911 Thread 0x00007f7e44199fd0 Thread added: 0x00007f7e44199fd0
Event: 153.913 Thread 0x00007f7e4414ba30 Thread added: 0x00007f7e4414ba30
Event: 153.913 Protecting memory [0x00007f7e82300000,0x00007f7e82304000] with protection modes 0
Event: 153.913 Protecting memory [0x00007f7e82100000,0x00007f7e82104000] with protection modes 0
Event: 159.633 Thread 0x00007f7e5c007280 Thread added: 0x00007f7e5c007280
Event: 159.634 Protecting memory [0x00007f7e82700000,0x00007f7e82704000] with protection modes 0
Event: 160.799 Thread 0x00007f7e441a02f0 Thread added: 0x00007f7e441a02f0
Event: 160.799 Protecting memory [0x00007f7eb8100000,0x00007f7eb8104000] with protection modes 0
Event: 299.036 Thread 0x00007f7e441553f0 Thread added: 0x00007f7e441553f0
Event: 299.036 Protecting memory [0x00007f7e81d00000,0x00007f7e81d04000] with protection modes 0
Event: 404.452 Thread 0x00007f7e4414bfb0 Thread added: 0x00007f7e4414bfb0
Event: 404.452 Protecting memory [0x00007f7e81f00000,0x00007f7e81f04000] with protection modes 0
Event: 499.626 Thread 0x00007f7e4414c530 Thread added: 0x00007f7e4414c530
Event: 499.627 Protecting memory [0x00007f7e81b00000,0x00007f7e81b04000] with protection modes 0
Event: 613.436 loading class java/util/concurrent/CancellationException
Event: 621.818 loading class java/util/concurrent/CancellationException done
Event: 621.818 loading class java/util/concurrent/CompletionException
Event: 633.132 loading class java/util/concurrent/CompletionException done
Event: 671.605 Thread 0x00007f7e4414bfb0 Thread exited: 0x00007f7e4414bfb0


Dynamic libraries:
e0000000-f5580000 rw-p 00000000 00:00 0 
f5580000-f9300000 rw-p 00000000 00:00 0 
f9300000-100000000 ---p 00000000 00:00 0 
800000000-800449000 rw-p 00001000 00:218c 4611686019135357769            /nix/store/gpxl5qgg8kicmcvivwmybwjlpf7wh20l-graalvm17-ce-22.3.0/lib/server/classes.jsa
800449000-800bc8000 r--p 0044a000 00:218c 4611686019135357769            /nix/store/gpxl5qgg8kicmcvivwmybwjlpf7wh20l-graalvm17-ce-22.3.0/lib/server/classes.jsa
800bc8000-800c00000 ---p 00000000 00:00 0 
800c00000-800c20000 rw-p 00000000 00:00 0 
800c20000-800c40000 rw-p 00000000 00:00 0 
800c40000-800cc0000 rw-p 00000000 00:00 0 
800cc0000-800d00000 rw-p 00000000 00:00 0 
800d00000-800dc0000 rw-p 00000000 00:00 0 
800dc0000-800e00000 rw-p 00000000 00:00 0 
800e00000-800f40000 rw-p 00000000 00:00 0 
800f40000-800fc0000 rw-p 00000000 00:00 0 
800fc0000-800ff0000 rw-p 00000000 00:00 0 
800ff0000-801000000 ---p 00000000 00:00 0 
801000000-8011b0000 rw-p 00000000 00:00 0 
8011b0000-840c00000 ---p 00000000 00:00 0 
565025e17000-565025e18000 r-xp 00000000 00:218c 4611686019099417844      /nix/store/gpxl5qgg8kicmcvivwmybwjlpf7wh20l-graalvm17-ce-22.3.0/bin/.java-wrapped
565025e19000-565025e1a000 r--p 00001000 00:218c 4611686019099417844      /nix/store/gpxl5qgg8kicmcvivwmybwjlpf7wh20l-graalvm17-ce-22.3.0/bin/.java-wrapped
565025e1a000-565025e1b000 rw-p 00002000 00:218c 4611686019099417844      /nix/store/gpxl5qgg8kicmcvivwmybwjlpf7wh20l-graalvm17-ce-22.3.0/bin/.java-wrapped
565025e1b000-565025e1c000 rw-p 00004000 00:218c 4611686019099417844      /nix/store/gpxl5qgg8kicmcvivwmybwjlpf7wh20l-graalvm17-ce-22.3.0/bin/.java-wrapped
565025e1c000-565025e1d000 rw-p 00005000 00:218c 4611686019099417844      /nix/store/gpxl5qgg8kicmcvivwmybwjlpf7wh20l-graalvm17-ce-22.3.0/bin/.java-wrapped
5650279e0000-565027a28000 rw-p 00000000 00:00 0                          [heap]
7f7e20000000-7f7e2013c000 rw-p 00000000 00:00 0 
7f7e2013c000-7f7e24000000 ---p 00000000 00:00 0 
7f7e24000000-7f7e24061000 rw-p 00000000 00:00 0 
7f7e24061000-7f7e28000000 ---p 00000000 00:00 0 
7f7e28000000-7f7e280e2000 rw-p 00000000 00:00 0 
7f7e280e2000-7f7e2c000000 ---p 00000000 00:00 0 
7f7e2dc00000-7f7e2dc50000 rw-p 00000000 00:00 0 
7f7e2dc50000-7f7e2e400000 ---p 00000000 00:00 0 
7f7e2e4b3000-7f7e38000000 r--s 00000000 00:218c 4611686019135192581      /nix/store/gpxl5qgg8kicmcvivwmybwjlpf7wh20l-graalvm17-ce-22.3.0/lib/modules
7f7e38000000-7f7e380d7000 rw-p 00000000 00:00 0 
7f7e380d7000-7f7e3c000000 ---p 00000000 00:00 0 
7f7e3c000000-7f7e3c082000 rw-p 00000000 00:00 0 
7f7e3c082000-7f7e40000000 ---p 00000000 00:00 0 
7f7e40000000-7f7e4010c000 rw-p 00000000 00:00 0 
7f7e4010c000-7f7e44000000 ---p 00000000 00:00 0 
7f7e44000000-7f7e441b1000 rw-p 00000000 00:00 0 
7f7e441b1000-7f7e48000000 ---p 00000000 00:00 0 
7f7e48000000-7f7e48021000 rw-p 00000000 00:00 0 
7f7e48021000-7f7e4c000000 ---p 00000000 00:00 0 
7f7e4c000000-7f7e4c021000 rw-p 00000000 00:00 0 
7f7e4c021000-7f7e50000000 ---p 00000000 00:00 0 
7f7e50000000-7f7e50084000 rw-p 00000000 00:00 0 
7f7e50084000-7f7e54000000 ---p 00000000 00:00 0 
7f7e54000000-7f7e54052000 rw-p 00000000 00:00 0 
7f7e54052000-7f7e58000000 ---p 00000000 00:00 0 
7f7e58000000-7f7e58021000 rw-p 00000000 00:00 0 
7f7e58021000-7f7e5c000000 ---p 00000000 00:00 0 
7f7e5c000000-7f7e5c302000 rw-p 00000000 00:00 0 
7f7e5c302000-7f7e60000000 ---p 00000000 00:00 0 
7f7e60000000-7f7e60021000 rw-p 00000000 00:00 0 
7f7e60021000-7f7e64000000 ---p 00000000 00:00 0 
7f7e64000000-7f7e6403c000 rw-p 00000000 00:00 0 
7f7e6403c000-7f7e68000000 ---p 00000000 00:00 0 
7f7e68000000-7f7e6802f000 rw-p 00000000 00:00 0 
7f7e6802f000-7f7e6c000000 ---p 00000000 00:00 0 
7f7e6c000000-7f7e6c8f2000 rw-p 00000000 00:00 0 
7f7e6c8f2000-7f7e70000000 ---p 00000000 00:00 0 
7f7e70c00000-7f7e71400000 rw-p 00000000 00:00 0 
7f7e71400000-7f7e71580000 rw-p 00000000 00:00 0 
7f7e71580000-7f7e71600000 rw-p 00000000 00:00 0 
7f7e71600000-7f7e71900000 rw-p 00000000 00:00 0 
7f7e71900000-7f7e71980000 rw-p 00000000 00:00 0 
7f7e71980000-7f7e71a00000 ---p 00000000 00:00 0 
7f7e71a00000-7f7e71c00000 rw-p 00000000 00:00 0 
7f7e71c00000-7f7e71d00000 rw-p 00000000 00:00 0 
7f7e71d00000-7f7e71d80000 rw-p 00000000 00:00 0 
7f7e71d80000-7f7e71e00000 rw-p 00000000 00:00 0 
7f7e71e00000-7f7e71f00000 rw-p 00000000 00:00 0 
7f7e71f00000-7f7e72100000 rw-p 00000000 00:00 0 
7f7e72100000-7f7e72200000 rw-p 00000000 00:00 0 
7f7e72200000-7f7e72400000 rw-p 00000000 00:00 0 
7f7e72400000-7f7e72500000 rw-p 00000000 00:00 0 
7f7e72500000-7f7e72600000 rw-p 00000000 00:00 0 
7f7e72600000-7f7e72b80000 rw-p 00000000 00:00 0 
7f7e72b80000-7f7e72c00000 rw-p 00000000 00:00 0 
7f7e72c00000-7f7e72d00000 rw-p 00000000 00:00 0 
7f7e72d00000-7f7e72e00000 rw-p 00000000 00:00 0 
7f7e72e00000-7f7e73100000 rw-p 00000000 00:00 0 
7f7e73100000-7f7e73200000 rw-p 00000000 00:00 0 
7f7e73200000-7f7e73400000 rw-p 00000000 00:00 0 
7f7e73600000-7f7e73610000 r-xp 00000000 00:2189 388                      /home/runner/.cache/jdt-language-server/config/org.eclipse.equinox.launcher/org.eclipse.equinox.launcher.gtk.linux.x86_64_1.2.400.v20211117-0650/eclipse_11600.so
7f7e73610000-7f7e7380f000 ---p 00010000 00:2189 388                      /home/runner/.cache/jdt-language-server/config/org.eclipse.equinox.launcher/org.eclipse.equinox.launcher.gtk.linux.x86_64_1.2.400.v20211117-0650/eclipse_11600.so
7f7e7380f000-7f7e73810000 r--p 0000f000 00:2189 388                      /home/runner/.cache/jdt-language-server/config/org.eclipse.equinox.launcher/org.eclipse.equinox.launcher.gtk.linux.x86_64_1.2.400.v20211117-0650/eclipse_11600.so
7f7e73810000-7f7e73811000 rw-p 00010000 00:2189 388                      /home/runner/.cache/jdt-language-server/config/org.eclipse.equinox.launcher/org.eclipse.equinox.launcher.gtk.linux.x86_64_1.2.400.v20211117-0650/eclipse_11600.so
7f7e74000000-7f7e74021000 rw-p 00000000 00:00 0 
7f7e74021000-7f7e78000000 ---p 00000000 00:00 0 
7f7e78000000-7f7e78021000 rw-p 00000000 00:00 0 
7f7e78021000-7f7e7c000000 ---p 00000000 00:00 0 
7f7e7c000000-7f7e7c021000 rw-p 00000000 00:00 0 
7f7e7c021000-7f7e80000000 ---p 00000000 00:00 0 
7f7e80900000-7f7e80a00000 ---p 00000000 00:00 0 
7f7e80a00000-7f7e80faf000 r--p 01122000 00:218c 4611686019135190040      /nix/store/gpxl5qgg8kicmcvivwmybwjlpf7wh20l-graalvm17-ce-22.3.0/lib/libjvmcicompiler.so
7f7e80faf000-7f7e81100000 r--p 00000000 00:00 0 
7f7e81100000-7f7e8113d000 rw-p 00000000 00:00 0 
7f7e8113d000-7f7e8165d000 rw-p 0185f000 00:218c 4611686019135190040      /nix/store/gpxl5qgg8kicmcvivwmybwjlpf7wh20l-graalvm17-ce-22.3.0/lib/libjvmcicompiler.so
7f7e8165d000-7f7e81a44000 r--p 01d7f000 00:218c 4611686019135190040      /nix/store/gpxl5qgg8kicmcvivwmybwjlpf7wh20l-graalvm17-ce-22.3.0/lib/libjvmcicompiler.so
7f7e81b00000-7f7e81b04000 ---p 00000000 00:00 0 
7f7e81b04000-7f7e81c00000 rw-p 00000000 00:00 0 
7f7e81d00000-7f7e81d04000 ---p 00000000 00:00 0 
7f7e81d04000-7f7e81e00000 rw-p 00000000 00:00 0 
7f7e81f00000-7f7e81f04000 ---p 00000000 00:00 0 
7f7e81f04000-7f7e82000000 rw-p 00000000 00:00 0 
7f7e82100000-7f7e82104000 ---p 00000000 00:00 0 
7f7e82104000-7f7e82200000 rw-p 00000000 00:00 0 
7f7e82300000-7f7e82304000 ---p 00000000 00:00 0 
7f7e82304000-7f7e82400000 rw-p 00000000 00:00 0 
7f7e82500000-7f7e82504000 ---p 00000000 00:00 0 
7f7e82504000-7f7e82600000 rw-p 00000000 00:00 0 
7f7e82700000-7f7e82704000 ---p 00000000 00:00 0 
7f7e82704000-7f7e82800000 rw-p 00000000 00:00 0 
7f7e82900000-7f7e82904000 ---p 00000000 00:00 0 
7f7e82904000-7f7e82a00000 rw-p 00000000 00:00 0 
7f7e82b00000-7f7e82b04000 ---p 00000000 00:00 0 
7f7e82b04000-7f7e82c00000 rw-p 00000000 00:00 0 
7f7e82d00000-7f7e82d04000 ---p 00000000 00:00 0 
7f7e82d04000-7f7e82e00000 rw-p 00000000 00:00 0 
7f7e83a68000-7f7e83f00000 rw-p 00000000 00:00 0 
7f7e84000000-7f7e84021000 rw-p 00000000 00:00 0 
7f7e84021000-7f7e88000000 ---p 00000000 00:00 0 
7f7e88000000-7f7e88021000 rw-p 00000000 00:00 0 
7f7e88021000-7f7e8c000000 ---p 00000000 00:00 0 
7f7e8c000000-7f7e8c021000 rw-p 00000000 00:00 0 
7f7e8c021000-7f7e90000000 ---p 00000000 00:00 0 
7f7e90000000-7f7e90021000 rw-p 00000000 00:00 0 
7f7e90021000-7f7e94000000 ---p 00000000 00:00 0 
7f7e94000000-7f7e940da000 rw-p 00000000 00:00 0 
7f7e940da000-7f7e98000000 ---p 00000000 00:00 0 
7f7e98000000-7f7e98b28000 rw-p 00000000 00:00 0 
7f7e98b28000-7f7e9c000000 ---p 00000000 00:00 0 
7f7e9c000000-7f7e9c021000 rw-p 00000000 00:00 0 
7f7e9c021000-7f7ea0000000 ---p 00000000 00:00 0 
7f7ea0000000-7f7ea0021000 rw-p 00000000 00:00 0 
7f7ea0021000-7f7ea4000000 ---p 00000000 00:00 0 
7f7ea4000000-7f7ea4021000 rw-p 00000000 00:00 0 
7f7ea4021000-7f7ea8000000 ---p 00000000 00:00 0 
7f7ea8000000-7f7ea8021000 rw-p 00000000 00:00 0 
7f7ea8021000-7f7eac000000 ---p 00000000 00:00 0 
7f7eac000000-7f7eac021000 rw-p 00000000 00:00 0 
7f7eac021000-7f7eb0000000 ---p 00000000 00:00 0 
7f7eb0000000-7f7eb0021000 rw-p 00000000 00:00 0 
7f7eb0021000-7f7eb4000000 ---p 00000000 00:00 0 
7f7eb4000000-7f7eb41d4000 rw-p 00000000 00:00 0 
7f7eb41d4000-7f7eb8000000 ---p 00000000 00:00 0 
7f7eb8100000-7f7eb8104000 ---p 00000000 00:00 0 
7f7eb8104000-7f7eb8200000 rw-p 00000000 00:00 0 
7f7eb8300000-7f7eb8304000 ---p 00000000 00:00 0 
7f7eb8304000-7f7eb8400000 rw-p 00000000 00:00 0 
7f7eb8500000-7f7eb8504000 ---p 00000000 00:00 0 
7f7eb8504000-7f7eb8600000 rw-p 00000000 00:00 0 
7f7eb8700000-7f7eb8704000 ---p 00000000 00:00 0 
7f7eb8704000-7f7eb8800000 rw-p 00000000 00:00 0 
7f7eb8900000-7f7eb8904000 ---p 00000000 00:00 0 
7f7eb8904000-7f7eb8a00000 rw-p 00000000 00:00 0 
7f7eb8b00000-7f7eb8b04000 ---p 00000000 00:00 0 
7f7eb8b04000-7f7eb8c00000 rw-p 00000000 00:00 0 
7f7eb8d00000-7f7eb8d04000 ---p 00000000 00:00 0 
7f7eb8d04000-7f7eb8e00000 rw-p 00000000 00:00 0 
7f7eb8f00000-7f7eb8f04000 ---p 00000000 00:00 0 
7f7eb8f04000-7f7eb9000000 rw-p 00000000 00:00 0 
7f7eb9000000-7f7ebb16a000 r-xp 00000000 00:218c 4611686019135190040      /nix/store/gpxl5qgg8kicmcvivwmybwjlpf7wh20l-graalvm17-ce-22.3.0/lib/libjvmcicompiler.so
7f7ebb16a000-7f7ebb369000 ---p 0216a000 00:218c 4611686019135190040      /nix/store/gpxl5qgg8kicmcvivwmybwjlpf7wh20l-graalvm17-ce-22.3.0/lib/libjvmcicompiler.so
7f7ebb369000-7f7ebb36a000 r--p 02169000 00:218c 4611686019135190040      /nix/store/gpxl5qgg8kicmcvivwmybwjlpf7wh20l-graalvm17-ce-22.3.0/lib/libjvmcicompiler.so
7f7ebb36a000-7f7ebb36c000 rw-p 0216a000 00:218c 4611686019135190040      /nix/store/gpxl5qgg8kicmcvivwmybwjlpf7wh20l-graalvm17-ce-22.3.0/lib/libjvmcicompiler.so
7f7ebb36c000-7f7ebb36d000 rw-p 00000000 00:00 0 
7f7ebb36d000-7f7ebb372000 rw-p 023c3000 00:218c 4611686019135190040      /nix/store/gpxl5qgg8kicmcvivwmybwjlpf7wh20l-graalvm17-ce-22.3.0/lib/libjvmcicompiler.so
7f7ebb3b3000-7f7ebb3b7000 ---p 00000000 00:00 0 
7f7ebb3b7000-7f7ebb4b3000 rw-p 00000000 00:00 0 
7f7ebb4b3000-7f7ebb723000 rwxp 00000000 00:00 0 
7f7ebb723000-7f7ebba42000 ---p 00000000 00:00 0 
7f7ebba42000-7f7ebc7e2000 rwxp 00000000 00:00 0 
7f7ebc7e2000-7f7ec2f7a000 ---p 00000000 00:00 0 
7f7ec2f7a000-7f7ec31ea000 rwxp 00000000 00:00 0 
7f7ec31ea000-7f7eca4b3000 ---p 00000000 00:00 0 
7f7eca4b3000-7f7ed4000000 r--s 00000000 00:218c 4611686019135192581      /nix/store/gpxl5qgg8kicmcvivwmybwjlpf7wh20l-graalvm17-ce-22.3.0/lib/modules
7f7ed4000000-7f7ed4639000 rw-p 00000000 00:00 0 
7f7ed4639000-7f7ed8000000 ---p 00000000 00:00 0 
7f7ed8018000-7f7ed8019000 ---p 00000000 00:00 0 
7f7ed8019000-7f7ed811a000 rw-p 00000000 00:00 0 
7f7ed811a000-7f7ed811e000 ---p 00000000 00:00 0 
7f7ed811e000-7f7ed821a000 rw-p 00000000 00:00 0 
7f7ed821a000-7f7ed821e000 ---p 00000000 00:00 0 
7f7ed821e000-7f7ed831a000 rw-p 00000000 00:00 0 
7f7ed831a000-7f7ed831e000 ---p 00000000 00:00 0 
7f7ed831e000-7f7ed841a000 rw-p 00000000 00:00 0 
7f7ed841a000-7f7ed841e000 ---p 00000000 00:00 0 
7f7ed841e000-7f7ed861a000 rw-p 00000000 00:00 0 
7f7ed861a000-7f7ed861e000 ---p 00000000 00:00 0 
7f7ed861e000-7f7ed881a000 rw-p 00000000 00:00 0 
7f7ed881a000-7f7ed881e000 ---p 00000000 00:00 0 
7f7ed881e000-7f7ed891a000 rw-p 00000000 00:00 0 
7f7ed891a000-7f7ed891e000 ---p 00000000 00:00 0 
7f7ed891e000-7f7ed8a1a000 rw-p 00000000 00:00 0 
7f7ed8a1a000-7f7ed8a1e000 ---p 00000000 00:00 0 
7f7ed8a1e000-7f7ed8b1a000 rw-p 00000000 00:00 0 
7f7ed8b1a000-7f7ed8e00000 r--p 00000000 00:157d 28444448                 /usr/lib/locale/locale-archive
7f7ed8e00000-7f7ed8e04000 ---p 00000000 00:00 0 
7f7ed8e04000-7f7ed8f00000 rw-p 00000000 00:00 0 
7f7ed8f00000-7f7ed8f04000 ---p 00000000 00:00 0 
7f7ed8f04000-7f7ed9400000 rw-p 00000000 00:00 0 
7f7ed9400000-7f7ed9700000 rw-p 00000000 00:00 0 
7f7ed9700000-7f7ed9800000 rw-p 00000000 00:00 0 
7f7ed9836000-7f7ed9838000 r-xp 00000000 00:218c 4611686019135190017      /nix/store/gpxl5qgg8kicmcvivwmybwjlpf7wh20l-graalvm17-ce-22.3.0/lib/libextnet.so
7f7ed9838000-7f7ed9839000 r--p 00001000 00:218c 4611686019135190017      /nix/store/gpxl5qgg8kicmcvivwmybwjlpf7wh20l-graalvm17-ce-22.3.0/lib/libextnet.so
7f7ed9839000-7f7ed983a000 rw-p 00002000 00:218c 4611686019135190017      /nix/store/gpxl5qgg8kicmcvivwmybwjlpf7wh20l-graalvm17-ce-22.3.0/lib/libextnet.so
7f7ed983a000-7f7ed983b000 rw-p 00004000 00:218c 4611686019135190017      /nix/store/gpxl5qgg8kicmcvivwmybwjlpf7wh20l-graalvm17-ce-22.3.0/lib/libextnet.so
7f7ed983b000-7f7ed983f000 ---p 00000000 00:00 0 
7f7ed983f000-7f7ed985d000 rw-p 00000000 00:00 0 
7f7ed985d000-7f7ed9864000 r-xp 00000000 00:218c 4611686019135192580      /nix/store/gpxl5qgg8kicmcvivwmybwjlpf7wh20l-graalvm17-ce-22.3.0/lib/libzip.so
7f7ed9864000-7f7ed9865000 ---p 00007000 00:218c 4611686019135192580      /nix/store/gpxl5qgg8kicmcvivwmybwjlpf7wh20l-graalvm17-ce-22.3.0/lib/libzip.so
7f7ed9865000-7f7ed9866000 r--p 00007000 00:218c 4611686019135192580      /nix/store/gpxl5qgg8kicmcvivwmybwjlpf7wh20l-graalvm17-ce-22.3.0/lib/libzip.so
7f7ed9866000-7f7ed9867000 rw-p 00008000 00:218c 4611686019135192580      /nix/store/gpxl5qgg8kicmcvivwmybwjlpf7wh20l-graalvm17-ce-22.3.0/lib/libzip.so
7f7ed9867000-7f7ed9869000 rw-p 0000b000 00:218c 4611686019135192580      /nix/store/gpxl5qgg8kicmcvivwmybwjlpf7wh20l-graalvm17-ce-22.3.0/lib/libzip.so
7f7ed9869000-7f7ed987e000 r-xp 00000000 00:218c 4611686019135192570      /nix/store/gpxl5qgg8kicmcvivwmybwjlpf7wh20l-graalvm17-ce-22.3.0/lib/libnet.so
7f7ed987e000-7f7ed987f000 ---p 00015000 00:218c 4611686019135192570      /nix/store/gpxl5qgg8kicmcvivwmybwjlpf7wh20l-graalvm17-ce-22.3.0/lib/libnet.so
7f7ed987f000-7f7ed9880000 r--p 00015000 00:218c 4611686019135192570      /nix/store/gpxl5qgg8kicmcvivwmybwjlpf7wh20l-graalvm17-ce-22.3.0/lib/libnet.so
7f7ed9880000-7f7ed9881000 rw-p 00016000 00:218c 4611686019135192570      /nix/store/gpxl5qgg8kicmcvivwmybwjlpf7wh20l-graalvm17-ce-22.3.0/lib/libnet.so
7f7ed9881000-7f7ed9884000 rw-p 0001b000 00:218c 4611686019135192570      /nix/store/gpxl5qgg8kicmcvivwmybwjlpf7wh20l-graalvm17-ce-22.3.0/lib/libnet.so
7f7ed9884000-7f7ed9897000 r-xp 00000000 00:218c 4611686019135192571      /nix/store/gpxl5qgg8kicmcvivwmybwjlpf7wh20l-graalvm17-ce-22.3.0/lib/libnio.so
7f7ed9897000-7f7ed9898000 r--p 00012000 00:218c 4611686019135192571      /nix/store/gpxl5qgg8kicmcvivwmybwjlpf7wh20l-graalvm17-ce-22.3.0/lib/libnio.so
7f7ed9898000-7f7ed9899000 rw-p 00013000 00:218c 4611686019135192571      /nix/store/gpxl5qgg8kicmcvivwmybwjlpf7wh20l-graalvm17-ce-22.3.0/lib/libnio.so
7f7ed9899000-7f7ed989e000 rw-p 00019000 00:218c 4611686019135192571      /nix/store/gpxl5qgg8kicmcvivwmybwjlpf7wh20l-graalvm17-ce-22.3.0/lib/libnio.so
7f7ed989e000-7f7ed989f000 ---p 00000000 00:00 0 
7f7ed989f000-7f7ed99a0000 rw-p 00000000 00:00 0 
7f7ed99a0000-7f7ed9a6e000 r-xp 00000000 00:218c 4611686019135190036      /nix/store/gpxl5qgg8kicmcvivwmybwjlpf7wh20l-graalvm17-ce-22.3.0/lib/libjsvml.so
7f7ed9a6e000-7f7ed9a6f000 r--p 000cd000 00:218c 4611686019135190036      /nix/store/gpxl5qgg8kicmcvivwmybwjlpf7wh20l-graalvm17-ce-22.3.0/lib/libjsvml.so
7f7ed9a6f000-7f7ed9a70000 rw-p 000ce000 00:218c 4611686019135190036      /nix/store/gpxl5qgg8kicmcvivwmybwjlpf7wh20l-graalvm17-ce-22.3.0/lib/libjsvml.so
7f7ed9a70000-7f7edb348000 rw-p 00000000 00:00 0 
7f7edb348000-7f7edb349000 ---p 00000000 00:00 0 
7f7edb349000-7f7edb4f4000 rw-p 00000000 00:00 0 
7f7edb4f4000-7f7edb514000 rw-p 00000000 00:00 0 
7f7edb514000-7f7edb54a000 ---p 00000000 00:00 0 
7f7edb54a000-7f7edb550000 rw-p 00000000 00:00 0 
7f7edb550000-7f7edb636000 ---p 00000000 00:00 0 
7f7edb636000-7f7edb652000 rw-p 00000000 00:00 0 
7f7edb652000-7f7edb721000 ---p 00000000 00:00 0 
7f7edb721000-7f7edb726000 rw-p 00000000 00:00 0 
7f7edb726000-7f7edb72d000 ---p 00000000 00:00 0 
7f7edb72d000-7f7edb751000 r-xp 00000000 00:218c 4611686019135190028      /nix/store/gpxl5qgg8kicmcvivwmybwjlpf7wh20l-graalvm17-ce-22.3.0/lib/libjava.so
7f7edb751000-7f7edb752000 ---p 00024000 00:218c 4611686019135190028      /nix/store/gpxl5qgg8kicmcvivwmybwjlpf7wh20l-graalvm17-ce-22.3.0/lib/libjava.so
7f7edb752000-7f7edb753000 r--p 00024000 00:218c 4611686019135190028      /nix/store/gpxl5qgg8kicmcvivwmybwjlpf7wh20l-graalvm17-ce-22.3.0/lib/libjava.so
7f7edb753000-7f7edb754000 rw-p 00025000 00:218c 4611686019135190028      /nix/store/gpxl5qgg8kicmcvivwmybwjlpf7wh20l-graalvm17-ce-22.3.0/lib/libjava.so
7f7edb754000-7f7edb755000 rw-p 00000000 00:00 0 
7f7edb755000-7f7edb75c000 rw-p 0002f000 00:218c 4611686019135190028      /nix/store/gpxl5qgg8kicmcvivwmybwjlpf7wh20l-graalvm17-ce-22.3.0/lib/libjava.so
7f7edb75c000-7f7edb764000 rw-s 00000000 00:13f2 385                      /tmp/hsperfdata_runner/52
7f7edb764000-7f7edb765000 ---p 00000000 00:00 0 
7f7edb765000-7f7edb766000 r--p 00000000 00:00 0 
7f7edb766000-7f7edb767000 rwxp 00000000 00:00 0 
7f7edb767000-7f7edb782000 r-xp 00000000 00:218c 4611686019135190032      /nix/store/gpxl5qgg8kicmcvivwmybwjlpf7wh20l-graalvm17-ce-22.3.0/lib/libjimage.so
7f7edb782000-7f7edb783000 ---p 0001b000 00:218c 4611686019135190032      /nix/store/gpxl5qgg8kicmcvivwmybwjlpf7wh20l-graalvm17-ce-22.3.0/lib/libjimage.so
7f7edb783000-7f7edb785000 r--p 0001b000 00:218c 4611686019135190032      /nix/store/gpxl5qgg8kicmcvivwmybwjlpf7wh20l-graalvm17-ce-22.3.0/lib/libjimage.so
7f7edb785000-7f7edb786000 rw-p 0001d000 00:218c 4611686019135190032      /nix/store/gpxl5qgg8kicmcvivwmybwjlpf7wh20l-graalvm17-ce-22.3.0/lib/libjimage.so
7f7edb786000-7f7edb787000 rw-p 00024000 00:218c 4611686019135190032      /nix/store/gpxl5qgg8kicmcvivwmybwjlpf7wh20l-graalvm17-ce-22.3.0/lib/libjimage.so
7f7edb787000-7f7edb78b000 ---p 00000000 00:00 0 
7f7edb78b000-7f7edb887000 rw-p 00000000 00:00 0 
7f7edb887000-7f7edb895000 r--p 00000000 00:218c 4611686019027979927      /nix/store/4nlgxhb09sdr51nc9hdm8az5b08vzkgx-glibc-2.35-163/lib/libm.so.6
7f7edb895000-7f7edb908000 r-xp 0000e000 00:218c 4611686019027979927      /nix/store/4nlgxhb09sdr51nc9hdm8az5b08vzkgx-glibc-2.35-163/lib/libm.so.6
7f7edb908000-7f7edb965000 r--p 00081000 00:218c 4611686019027979927      /nix/store/4nlgxhb09sdr51nc9hdm8az5b08vzkgx-glibc-2.35-163/lib/libm.so.6
7f7edb965000-7f7edb966000 r--p 000dd000 00:218c 4611686019027979927      /nix/store/4nlgxhb09sdr51nc9hdm8az5b08vzkgx-glibc-2.35-163/lib/libm.so.6
7f7edb966000-7f7edb967000 rw-p 000de000 00:218c 4611686019027979927      /nix/store/4nlgxhb09sdr51nc9hdm8az5b08vzkgx-glibc-2.35-163/lib/libm.so.6
7f7edb967000-7f7edb968000 r--p 00000000 00:218c 4611686019027979946      /nix/store/4nlgxhb09sdr51nc9hdm8az5b08vzkgx-glibc-2.35-163/lib/librt.so.1
7f7edb968000-7f7edb969000 r-xp 00001000 00:218c 4611686019027979946      /nix/store/4nlgxhb09sdr51nc9hdm8az5b08vzkgx-glibc-2.35-163/lib/librt.so.1
7f7edb969000-7f7edb96a000 r--p 00002000 00:218c 4611686019027979946      /nix/store/4nlgxhb09sdr51nc9hdm8az5b08vzkgx-glibc-2.35-163/lib/librt.so.1
7f7edb96a000-7f7edb96b000 r--p 00002000 00:218c 4611686019027979946      /nix/store/4nlgxhb09sdr51nc9hdm8az5b08vzkgx-glibc-2.35-163/lib/librt.so.1
7f7edb96b000-7f7edb96c000 rw-p 00003000 00:218c 4611686019027979946      /nix/store/4nlgxhb09sdr51nc9hdm8az5b08vzkgx-glibc-2.35-163/lib/librt.so.1
7f7edb96c000-7f7edca7f000 r-xp 00000000 00:218c 4611686019135360866      /nix/store/gpxl5qgg8kicmcvivwmybwjlpf7wh20l-graalvm17-ce-22.3.0/lib/server/libjvm.so
7f7edca7f000-7f7edca80000 ---p 01113000 00:218c 4611686019135360866      /nix/store/gpxl5qgg8kicmcvivwmybwjlpf7wh20l-graalvm17-ce-22.3.0/lib/server/libjvm.so
7f7edca80000-7f7edcb35000 r--p 01113000 00:218c 4611686019135360866      /nix/store/gpxl5qgg8kicmcvivwmybwjlpf7wh20l-graalvm17-ce-22.3.0/lib/server/libjvm.so
7f7edcb35000-7f7edcb69000 rw-p 011c8000 00:218c 4611686019135360866      /nix/store/gpxl5qgg8kicmcvivwmybwjlpf7wh20l-graalvm17-ce-22.3.0/lib/server/libjvm.so
7f7edcb69000-7f7edcbc5000 rw-p 00000000 00:00 0 
7f7edcbc5000-7f7edcbed000 r--p 00000000 00:218c 4611686019027979918      /nix/store/4nlgxhb09sdr51nc9hdm8az5b08vzkgx-glibc-2.35-163/lib/libc.so.6
7f7edcbed000-7f7edcd63000 r-xp 00028000 00:218c 4611686019027979918      /nix/store/4nlgxhb09sdr51nc9hdm8az5b08vzkgx-glibc-2.35-163/lib/libc.so.6
7f7edcd63000-7f7edcdbb000 r--p 0019e000 00:218c 4611686019027979918      /nix/store/4nlgxhb09sdr51nc9hdm8az5b08vzkgx-glibc-2.35-163/lib/libc.so.6
7f7edcdbb000-7f7edcdbf000 r--p 001f6000 00:218c 4611686019027979918      /nix/store/4nlgxhb09sdr51nc9hdm8az5b08vzkgx-glibc-2.35-163/lib/libc.so.6
7f7edcdbf000-7f7edcdc1000 rw-p 001fa000 00:218c 4611686019027979918      /nix/store/4nlgxhb09sdr51nc9hdm8az5b08vzkgx-glibc-2.35-163/lib/libc.so.6
7f7edcdc1000-7f7edcdd0000 rw-p 00000000 00:00 0 
7f7edcdd0000-7f7edcdd1000 r--p 00000000 00:218c 4611686019027979923      /nix/store/4nlgxhb09sdr51nc9hdm8az5b08vzkgx-glibc-2.35-163/lib/libdl.so.2
7f7edcdd1000-7f7edcdd2000 r-xp 00001000 00:218c 4611686019027979923      /nix/store/4nlgxhb09sdr51nc9hdm8az5b08vzkgx-glibc-2.35-163/lib/libdl.so.2
7f7edcdd2000-7f7edcdd3000 r--p 00002000 00:218c 4611686019027979923      /nix/store/4nlgxhb09sdr51nc9hdm8az5b08vzkgx-glibc-2.35-163/lib/libdl.so.2
7f7edcdd3000-7f7edcdd4000 r--p 00002000 00:218c 4611686019027979923      /nix/store/4nlgxhb09sdr51nc9hdm8az5b08vzkgx-glibc-2.35-163/lib/libdl.so.2
7f7edcdd4000-7f7edcdd5000 rw-p 00003000 00:218c 4611686019027979923      /nix/store/4nlgxhb09sdr51nc9hdm8az5b08vzkgx-glibc-2.35-163/lib/libdl.so.2
7f7edcdd5000-7f7edcdd6000 r--p 00000000 00:218c 4611686019027979942      /nix/store/4nlgxhb09sdr51nc9hdm8az5b08vzkgx-glibc-2.35-163/lib/libpthread.so.0
7f7edcdd6000-7f7edcdd7000 r-xp 00001000 00:218c 4611686019027979942      /nix/store/4nlgxhb09sdr51nc9hdm8az5b08vzkgx-glibc-2.35-163/lib/libpthread.so.0
7f7edcdd7000-7f7edcdd8000 r--p 00002000 00:218c 4611686019027979942      /nix/store/4nlgxhb09sdr51nc9hdm8az5b08vzkgx-glibc-2.35-163/lib/libpthread.so.0
7f7edcdd8000-7f7edcdd9000 r--p 00002000 00:218c 4611686019027979942      /nix/store/4nlgxhb09sdr51nc9hdm8az5b08vzkgx-glibc-2.35-163/lib/libpthread.so.0
7f7edcdd9000-7f7edcdda000 rw-p 00003000 00:218c 4611686019027979942      /nix/store/4nlgxhb09sdr51nc9hdm8az5b08vzkgx-glibc-2.35-163/lib/libpthread.so.0
7f7edcdda000-7f7edcde8000 r-xp 00000000 00:218c 4611686019135190033      /nix/store/gpxl5qgg8kicmcvivwmybwjlpf7wh20l-graalvm17-ce-22.3.0/lib/libjli.so
7f7edcde8000-7f7edcde9000 ---p 0000e000 00:218c 4611686019135190033      /nix/store/gpxl5qgg8kicmcvivwmybwjlpf7wh20l-graalvm17-ce-22.3.0/lib/libjli.so
7f7edcde9000-7f7edcdea000 r--p 0000e000 00:218c 4611686019135190033      /nix/store/gpxl5qgg8kicmcvivwmybwjlpf7wh20l-graalvm17-ce-22.3.0/lib/libjli.so
7f7edcdea000-7f7edcdeb000 rw-p 0000f000 00:218c 4611686019135190033      /nix/store/gpxl5qgg8kicmcvivwmybwjlpf7wh20l-graalvm17-ce-22.3.0/lib/libjli.so
7f7edcdeb000-7f7edcdec000 rw-p 00012000 00:218c 4611686019135190033      /nix/store/gpxl5qgg8kicmcvivwmybwjlpf7wh20l-graalvm17-ce-22.3.0/lib/libjli.so
7f7edcdec000-7f7edcdef000 r--p 00000000 00:218c 4611686019106210071      /nix/store/026hln0aq1hyshaxsdvhg0kmcm6yf45r-zlib-1.2.13/lib/libz.so.1.2.13
7f7edcdef000-7f7edce01000 r-xp 00003000 00:218c 4611686019106210071      /nix/store/026hln0aq1hyshaxsdvhg0kmcm6yf45r-zlib-1.2.13/lib/libz.so.1.2.13
7f7edce01000-7f7edce08000 r--p 00015000 00:218c 4611686019106210071      /nix/store/026hln0aq1hyshaxsdvhg0kmcm6yf45r-zlib-1.2.13/lib/libz.so.1.2.13
7f7edce08000-7f7edce09000 r--p 0001b000 00:218c 4611686019106210071      /nix/store/026hln0aq1hyshaxsdvhg0kmcm6yf45r-zlib-1.2.13/lib/libz.so.1.2.13
7f7edce09000-7f7edce0a000 rw-p 0001c000 00:218c 4611686019106210071      /nix/store/026hln0aq1hyshaxsdvhg0kmcm6yf45r-zlib-1.2.13/lib/libz.so.1.2.13
7f7edce0a000-7f7edce0c000 rw-p 00000000 00:00 0 
7f7edce0c000-7f7edce0e000 r--p 00000000 00:218c 4611686019027979912      /nix/store/4nlgxhb09sdr51nc9hdm8az5b08vzkgx-glibc-2.35-163/lib/ld-linux-x86-64.so.2
7f7edce0e000-7f7edce35000 r-xp 00002000 00:218c 4611686019027979912      /nix/store/4nlgxhb09sdr51nc9hdm8az5b08vzkgx-glibc-2.35-163/lib/ld-linux-x86-64.so.2
7f7edce35000-7f7edce41000 r--p 00029000 00:218c 4611686019027979912      /nix/store/4nlgxhb09sdr51nc9hdm8az5b08vzkgx-glibc-2.35-163/lib/ld-linux-x86-64.so.2
7f7edce41000-7f7edce43000 r--p 00034000 00:218c 4611686019027979912      /nix/store/4nlgxhb09sdr51nc9hdm8az5b08vzkgx-glibc-2.35-163/lib/ld-linux-x86-64.so.2
7f7edce43000-7f7edce45000 rw-p 00036000 00:218c 4611686019027979912      /nix/store/4nlgxhb09sdr51nc9hdm8az5b08vzkgx-glibc-2.35-163/lib/ld-linux-x86-64.so.2
7ffd2305f000-7ffd23083000 rw-p 00000000 00:00 0                          [stack]
7ffd231ce000-7ffd231d2000 r--p 00000000 00:00 0                          [vvar]
7ffd231d2000-7ffd231d4000 r-xp 00000000 00:00 0                          [vdso]
ffffffffff600000-ffffffffff601000 --xp 00000000 00:00 0                  [vsyscall]


VM Arguments:
jvm_args: -XX:ThreadPriorityPolicy=1 -XX:+UnlockExperimentalVMOptions -XX:+EnableJVMCIProduct -XX:JVMCIThreadsPerNativeLibraryRuntime=1 -XX:-UnlockExperimentalVMOptions -Declipse.application=org.eclipse.jdt.ls.core.id1 -Dosgi.bundles.defaultStartLevel=4 -Declipse.product=org.eclipse.jdt.ls.core.product -Dlog.level=ALL -Xverify:none -XX:+UseParallelGC -XX:GCTimeRatio=4 -XX:AdaptiveSizePolicyWeight=90 -Dsun.zip.disableMemoryMapping=true -Xmx512m -Xms100m 
java_command: /nix/store/m6gcpi1ii6rghy04cjwjddcavv7i90df-jdt-language-server-1.9.0/share/java/plugins/org.eclipse.equinox.launcher_1.6.400.v20210924-0641.jar --add-modules=ALL-SYSTEM --add-opens java.base/java.util=ALL-UNNAMED --add-opens java.base/java.lang=ALL-UNNAMED -configuration /home/runner/.cache/jdt-language-server/config -data /home/runner/.cache/jdt-language-server/data/home/runner/61
java_class_path (initial): /nix/store/m6gcpi1ii6rghy04cjwjddcavv7i90df-jdt-language-server-1.9.0/share/java/plugins/org.eclipse.equinox.launcher_1.6.400.v20210924-0641.jar
Launcher Type: SUN_STANDARD

[Global flags]
    uintx AdaptiveSizePolicyWeight                 = 90                                        {product} {command line}
     intx CICompilerCount                          = 2                                         {product} {ergonomic}
     bool EnableJVMCIProduct                       = true                                {JVMCI product} {jimage}
    uintx GCTimeRatio                              = 4                                         {product} {command line}
   size_t InitialHeapSize                          = 104857600                                 {product} {command line}
     uint JVMCIThreadsPerNativeLibraryRuntime      = 1                                   {JVMCI product} {jimage}
   size_t MaxHeapSize                              = 536870912                                 {product} {command line}
   size_t MaxNewSize                               = 178782208                                 {product} {ergonomic}
   size_t MinHeapDeltaBytes                        = 524288                                    {product} {ergonomic}
   size_t MinHeapSize                              = 104857600                                 {product} {command line}
   size_t NewSize                                  = 34603008                                  {product} {ergonomic}
    uintx NonNMethodCodeHeapSize                   = 5826188                                {pd product} {ergonomic}
    uintx NonProfiledCodeHeapSize                  = 122916026                              {pd product} {ergonomic}
   size_t OldSize                                  = 70254592                                  {product} {ergonomic}
    uintx ProfiledCodeHeapSize                     = 122916026                              {pd product} {ergonomic}
    uintx ReservedCodeCacheSize                    = 251658240                              {pd product} {ergonomic}
     bool SegmentedCodeCache                       = true                                      {product} {ergonomic}
   size_t SoftMaxHeapSize                          = 536870912                              {manageable} {ergonomic}
     intx ThreadPriorityPolicy                     = 1                                         {product} {jimage}
     bool UseCompressedClassPointers               = true                           {product lp64_product} {ergonomic}
     bool UseCompressedOops                        = true                           {product lp64_product} {ergonomic}
     bool UseParallelGC                            = true                                      {product} {command line}

Logging:
Log output configuration:
 #0: stdout all=warning uptime,level,tags
 #1: stderr all=off uptime,level,tags

Environment Variables:
JAVA_HOME=/nix/store/gpxl5qgg8kicmcvivwmybwjlpf7wh20l-graalvm17-ce-22.3.0
PATH=/nix/store/1d6ian3r8kdzspw8hacjhl3xkp40g1lj-binutils-wrapper-2.39/bin:/nix/store/dq0xwmsk1g0i2ayg6pb7y87na2knzylh-gcc-wrapper-11.3.0/bin:/nix/store/bap4d0lpcrhpwmpb8ayjcgkmvfj62lnq-bash-interactive-5.1-p16/bin:/nix/store/pr5n59mb4jzmfx6kanwxly0l07p861fg-patchelf-0.15.0/bin:/nix/store/1gf2flfqnpqbr1b4p4qz2f72y42bs56r-gcc-11.3.0/bin:/nix/store/57xv61c5zi8pphjbcwxxjlgc34p61ic9-glibc-2.35-163-bin/bin:/nix/store/a7gvj343m05j2s32xcnwr35v31ynlypr-coreutils-9.1/bin:/nix/store/039g378vc3pc3dvi9dzdlrd0i4q93qwf-binutils-2.39/bin:/nix/store/gpxl5qgg8kicmcvivwmybwjlpf7wh20l-graalvm17-ce-22.3.0/bin:/nix/store/6z9ag3ihc8mq2hzsw48lhbznvzny65nz-apache-maven-3.8.6/bin:/nix/store/m6gcpi1ii6rghy04cjwjddcavv7i90df-jdt-language-server-1.9.0/bin:/nix/store/84xs5alhs01zrbr4ywm05kxbjbp5590l-java-debug/bin:/nix/store/mydc6f4k2z73xlcz7ilif3v2lcaiqvza-findutils-4.9.0/bin:/nix/store/j9p3g8472iijd50vhdprx0nmk2fqn5gv-diffutils-3.8/bin:/nix/store/89zs7rms6x00xfq4dq6m7mjnhkr8a6r4-gnused-4.8/bin:/nix/store/86bp03jkmsl6f92w0yzg4s59g5mhxwmy-gnugrep-3.7/bin:/nix/store/hwcdqw4jrjnd37wxqgsd47hd0j8bnj09-gawk-5.1.1/bin:/nix/store/cfbhw8r8ags41vwqaz47r583d0p4h4a1-gnutar-1.34/bin:/nix/store/p3m1ndl1lapwrlh698bnb5lvvxh67378-gzip-1.12/bin:/nix/store/a8mhcagrsly7c7mpjrpsnaahk4aax056-bzip2-1.0.8-bin/bin:/nix/store/mblgz65m3zv9x548a3d5m96fj2pbwr09-gnumake-4.3/bin:/nix/store/dsd5gz46hdbdk2rfdimqddhq6m8m8fqs-bash-5.1-p16/bin:/nix/store/v7ljksji50mg3w61dykaa3n3y79n6nil-patch-2.7.6/bin:/nix/store/zlcnmqq14jz5x9439jf937mvayyl63da-xz-5.2.7-bin/bin:/nix/store/y6aj732zm9m87c82fpvf103a1xb22blp-file-5.43/bin:/nix/store/i4kzir3m7mrisxmf5xvlnkw01x4qaqr4-prybar-elisp-0.0.0-e0d9a52/bin:/nix/store/lwwivxf6h7x3cvxp9zv8sj0mv7dak99r-prybar-lua-0.0.0-e0d9a52/bin:/nix/store/gxj28g1cg4hq3qanmjv07156h800qr58-prybar-python3-0.0.0-e0d9a52/bin:/nix/store/hshkjnxrgidigf8x75vg6lqng2xlx9i3-prybar-sqlite-0.0.0-e0d9a52/bin:/nix/store/c4w01bpjgyy5ixmwdk8m1pw87zq4sl26-prybar-tcl-0.0.0-e0d9a52/bin:/nix/store/hpbvrlwd5viqmvcaisb3x0118i913a9n-st
LD_LIBRARY_PATH=/nix/store/a4pff549sk2idnkpzk5nsfps3mdkdnvm-cups-2.4.2-lib/lib:/nix/store/72mqxxhh3cy5yifh92wh2yb8cl2hikyy-cairo-1.16.0/lib:/nix/store/2k366jrbsra97gjfxwvrhvixjfxdach5-glib-2.74.1/lib:/nix/store/2j2znigd8ak37rlwh9khz0ry3clqlw1l-gtk+3-3.24.34/lib:/nix/store/hisqvx32cd57apbpcsnkpx6k3549wql1-libglvnd-1.4.0/lib:/nix/store/p36pgcv991mq5srvg765b78yqpxvk3qs-mesa-21.3.3-drivers/lib:/nix/store/mav4251if1ahjq5vkpwycyyvnmy459c4-pulseaudio-14.2/lib
DISPLAY=:0
LANG=en_US.UTF-8

Signal Handlers:
   SIGSEGV: crash_handler in libjvm.so, mask=11100100010111111101111111111110, flags=SA_RESTART|SA_SIGINFO
    SIGBUS: crash_handler in libjvm.so, mask=11100100010111111101111111111110, flags=SA_RESTART|SA_SIGINFO
    SIGFPE: crash_handler in libjvm.so, mask=11100100010111111101111111111110, flags=SA_RESTART|SA_SIGINFO
   SIGPIPE: IsolateEnterStub_IgnoreSIGPIPEStartupHook_noopSignalHandler_8f19bff2f35b5f630d83b364d6b2339320d4ec70_216e8361c6bc87a8f89f58cc10d3b2fd4415bf87 in libjvmcicompiler.so, mask=00000000000000000000000000000000, flags=SA_RESTART
  *** Handler was modified!
  *** Expected: javaSignalHandler in libjvm.so, mask=11100100110111111111111111111110, flags=SA_RESTART|SA_SIGINFO
   SIGXFSZ: javaSignalHandler in libjvm.so, mask=11100100010111111101111111111110, flags=SA_RESTART|SA_SIGINFO
    SIGILL: crash_handler in libjvm.so, mask=11100100010111111101111111111110, flags=SA_RESTART|SA_SIGINFO
   SIGUSR2: SR_handler in libjvm.so, mask=00000000000000000000000000000000, flags=SA_RESTART|SA_SIGINFO
    SIGHUP: UserHandler in libjvm.so, mask=11100100010111111101111111111110, flags=SA_RESTART|SA_SIGINFO
    SIGINT: UserHandler in libjvm.so, mask=11100100010111111101111111111110, flags=SA_RESTART|SA_SIGINFO
   SIGTERM: UserHandler in libjvm.so, mask=11100100010111111101111111111110, flags=SA_RESTART|SA_SIGINFO
   SIGQUIT: UserHandler in libjvm.so, mask=11100100010111111101111111111110, flags=SA_RESTART|SA_SIGINFO
  *** Handler was modified!
  *** Expected: javaSignalHandler in libjvm.so, mask=11100100110111111111111111111110, flags=SA_RESTART|SA_SIGINFO
   SIGTRAP: crash_handler in libjvm.so, mask=11100100010111111101111111111110, flags=SA_RESTART|SA_SIGINFO


---------------  S Y S T E M  ---------------

OS:
DISTRIB_ID=Ubuntu
DISTRIB_RELEASE=20.04
DISTRIB_CODENAME=focal
DISTRIB_DESCRIPTION="Ubuntu 20.04.2 LTS"
uname: Linux 5.19.0-1025-gcp #27~22.04.1-Ubuntu SMP Wed May 24 03:53:01 UTC 2023 x86_64
OS uptime: 0 days 10:23 hours
libc: glibc 2.35 NPTL 2.35 
rlimit (soft/hard): STACK 8192k/infinity , CORE infinity/infinity , NPROC infinity/infinity , NOFILE 5242/5242 , AS infinity/infinity , CPU infinity/infinity , DATA infinity/infinity , FSIZE infinity/infinity , MEMLOCK 8192k/8192k
load average: 18.85 17.01 16.62

/proc/meminfo:
MemTotal:       65852240 kB
MemFree:         9352916 kB
MemAvailable:   37894984 kB
Buffers:         2917380 kB
Cached:         24151748 kB
SwapCached:            0 kB
Active:         11826368 kB
Inactive:       40225608 kB
Active(anon):      19168 kB
Inactive(anon): 24784128 kB
Active(file):   11807200 kB
Inactive(file): 15441480 kB
Unevictable:       55368 kB
Mlocked:           55368 kB
SwapTotal:             0 kB
SwapFree:              0 kB
Zswap:                 0 kB
Zswapped:              0 kB
Dirty:             20208 kB
Writeback:             0 kB
AnonPages:      23273352 kB
Mapped:          2773140 kB
Shmem:            190484 kB
KReclaimable:    2019988 kB
Slab:            3217244 kB
SReclaimable:    2019988 kB
SUnreclaim:      1197256 kB
KernelStack:      464948 kB
PageTables:       274344 kB
NFS_Unstable:          0 kB
Bounce:                0 kB
WritebackTmp:          0 kB
CommitLimit:    32926120 kB
Committed_AS:   91329612 kB
VmallocTotal:   34359738367 kB
VmallocUsed:      506896 kB
VmallocChunk:          0 kB
Percpu:            58464 kB
HardwareCorrupted:     0 kB
AnonHugePages:   3553280 kB
ShmemHugePages:        0 kB
ShmemPmdMapped:        0 kB
FileHugePages:         0 kB
FilePmdMapped:         0 kB
HugePages_Total:       0
HugePages_Free:        0
HugePages_Rsvd:        0
HugePages_Surp:        0
Hugepagesize:       2048 kB
Hugetlb:               0 kB
DirectMap4k:     6210360 kB
DirectMap2M:    53555200 kB
DirectMap1G:     9437184 kB

/sys/kernel/mm/transparent_hugepage/enabled: always [madvise] never
/sys/kernel/mm/transparent_hugepage/defrag (defrag/compaction efforts parameter): always defer defer+madvise [madvise] never

Process Memory:
Virtual Size: 4588632K (peak: 4626236K)
Resident Set Size: 743680K (peak: 775092K) (anon: 549780K, file: 193900K, shmem: 0K)
Swapped out: 0K
C-Heap outstanding allocations: 40702K, retained: 15441K
glibc malloc tunables: (default)

/proc/sys/kernel/threads-max (system-wide limit on the number of threads): 514406
/proc/sys/vm/max_map_count (maximum number of memory map areas a process may have): 65530
/proc/sys/kernel/pid_max (system-wide limit on number of process identifiers): 4194304

container (cgroup) information:
container_type: cgroupv1
cpu_cpuset_cpus: 2-7
cpu_memory_nodes: 0
active_processor_count: 1
cpu_quota: 50000
cpu_period: 100000
cpu_shares: 512
memory_limit_in_bytes: 1048576 k
memory_and_swap_limit_in_bytes: 1048576 k
memory_soft_limit_in_bytes: 524288 k
memory_usage_in_bytes: 998364 k
memory_max_usage_in_bytes: 1048580 k
maximum number of tasks: 1000
current number of tasks: 51

KVM virtualization detected
Steal ticks since vm start: 0
Steal ticks percentage since vm start:  0.000

CPU: total 8 (initial active 1) (8 cores per cpu, 2 threads per core) family 23 model 49 stepping 0 microcode 0xffffffff, cx8, cmov, fxsr, ht, mmx, 3dnowpref, sse, sse2, sse3, ssse3, sse4a, sse4.1, sse4.2, popcnt, lzcnt, tsc, tscinvbit, avx, avx2, aes, clmul, bmi1, bmi2, adx, sha, fma, vzeroupper, clflush, clflushopt, hv
CPU Model and flags from /proc/cpuinfo:
model name	: AMD EPYC 7B12
flags		: fpu vme de pse tsc msr pae mce cx8 apic sep mtrr pge mca cmov pat pse36 clflush mmx fxsr sse sse2 ht syscall nx mmxext fxsr_opt pdpe1gb rdtscp lm constant_tsc rep_good nopl nonstop_tsc cpuid extd_apicid tsc_known_freq pni pclmulqdq ssse3 fma cx16 sse4_1 sse4_2 movbe popcnt aes xsave avx f16c rdrand hypervisor lahf_lm cmp_legacy cr8_legacy abm sse4a misalignsse 3dnowprefetch osvw topoext ssbd ibrs ibpb stibp vmmcall fsgsbase tsc_adjust bmi1 avx2 smep bmi2 rdseed adx smap clflushopt clwb sha_ni xsaveopt xsavec xgetbv1 clzero xsaveerptr arat npt nrip_save umip rdpid

Online cpus: 0-7
Offline cpus: 
BIOS frequency limitation: <Not Available>
Frequency switch latency (ns): <Not Available>
Available cpu frequencies: <Not Available>
Current governor: <Not Available>
Core performance/turbo boost: <Not Available>

Memory: 4k page, physical 1048576k(50200k free), swap 0k(0k free)
Page Sizes: 4k

vm_info: OpenJDK 64-Bit Server VM (17.0.5+8-jvmci-22.3-b08) for linux-amd64 JRE (17.0.5+8-jvmci-22.3-b08), built on Oct 19 2022 09:01:27 by "buildslave" with gcc 10.3.0

END.
